2003.06.20 02:39 B C:\www.fossane.no\safe\es\vacaciones\.html --> ftp.fossane.no /fossane/safe/es/vacaciones .html
2003.06.20 02:39 B C:\www.fossane.no\safe\es\vacaciones\actividades.html --> ftp.fossane.no /fossane/safe/es/vacaciones actividades.html
2003.06.20 02:39 B C:\www.fossane.no\safe\es\vacaciones\banarse.html --> ftp.fossane.no /fossane/safe/es/vacaciones banarse.html
2003.06.20 02:39 B C:\www.fossane.no\safe\es\vacaciones\bjodlandsfolga.html --> ftp.fossane.no /fossane/safe/es/vacaciones bjodlandsfolga.html
2003.06.20 02:39 B C:\www.fossane.no\safe\es\vacaciones\folga.html --> ftp.fossane.no /fossane/safe/es/vacaciones folga.html
2003.06.20 02:39 B C:\www.fossane.no\safe\es\vacaciones\index.html --> ftp.fossane.no /fossane/safe/es/vacaciones index.html
2003.06.20 02:39 B C:\www.fossane.no\safe\es\vacaciones\jonsenhuset.html --> ftp.fossane.no /fossane/safe/es/vacaciones jonsenhuset.html
2003.06.20 02:39 B C:\www.fossane.no\safe\es\vacaciones\lagranja.html --> ftp.fossane.no /fossane/safe/es/vacaciones lagranja.html
2003.06.20 02:39 B C:\www.fossane.no\safe\es\vacaciones\lascasas.html --> ftp.fossane.no /fossane/safe/es/vacaciones lascasas.html
2003.06.20 02:39 B C:\www.fossane.no\safe\es\vacaciones\paseo.html --> ftp.fossane.no /fossane/safe/es/vacaciones paseo.html
2003.06.20 02:39 B C:\www.fossane.no\safe\es\vacaciones\pesca.html --> ftp.fossane.no /fossane/safe/es/vacaciones pesca.html
2003.06.20 02:39 B C:\www.fossane.no\safe\es\vacaciones\reservas.html --> ftp.fossane.no /fossane/safe/es/vacaciones reservas.html
2003.06.20 02:46 B C:\www.fossane.no\safe\es\vacaciones\WS_FTP.LOG --> ftp.fossane.no /fossane/safe/es/vacaciones WS_FTP.LOG
2003.06.21 01:28 B C:\www.fossane.no\safe\es\vacaciones\.html --> ftp.fossane.no /fossane/safe/es/vacaciones .html
2003.06.21 01:28 B C:\www.fossane.no\safe\es\vacaciones\actividades.html --> ftp.fossane.no /fossane/safe/es/vacaciones actividades.html
2003.06.21 01:28 B C:\www.fossane.no\safe\es\vacaciones\banarse.html --> ftp.fossane.no /fossane/safe/es/vacaciones banarse.html
2003.06.21 01:28 B C:\www.fossane.no\safe\es\vacaciones\bjodlandsfolga.html --> ftp.fossane.no /fossane/safe/es/vacaciones bjodlandsfolga.html
2003.06.21 01:28 B C:\www.fossane.no\safe\es\vacaciones\folga.html --> ftp.fossane.no /fossane/safe/es/vacaciones folga.html
2003.06.21 01:28 B C:\www.fossane.no\safe\es\vacaciones\index.html --> ftp.fossane.no /fossane/safe/es/vacaciones index.html
2003.06.21 01:28 B C:\www.fossane.no\safe\es\vacaciones\jonsenhuset.html --> ftp.fossane.no /fossane/safe/es/vacaciones jonsenhuset.html
2003.06.21 01:28 B C:\www.fossane.no\safe\es\vacaciones\lagranja.html --> ftp.fossane.no /fossane/safe/es/vacaciones lagranja.html
2003.06.21 01:28 B C:\www.fossane.no\safe\es\vacaciones\lascasas.html --> ftp.fossane.no /fossane/safe/es/vacaciones lascasas.html
2003.06.21 01:28 B C:\www.fossane.no\safe\es\vacaciones\paseo.html --> ftp.fossane.no /fossane/safe/es/vacaciones paseo.html
2003.06.21 01:28 B C:\www.fossane.no\safe\es\vacaciones\pesca.html --> ftp.fossane.no /fossane/safe/es/vacaciones pesca.html
2003.06.21 01:28 B C:\www.fossane.no\safe\es\vacaciones\reservas.html --> ftp.fossane.no /fossane/safe/es/vacaciones reservas.html
2003.06.21 16:33 B C:\www.fossane.no\safe\es\vacaciones\.html --> ftp.fossane.no /fossane/safe/es/vacaciones .html
2003.06.21 16:33 B C:\www.fossane.no\safe\es\vacaciones\actividades.html --> ftp.fossane.no /fossane/safe/es/vacaciones actividades.html
2003.06.21 16:33 B C:\www.fossane.no\safe\es\vacaciones\banarse.html --> ftp.fossane.no /fossane/safe/es/vacaciones banarse.html
2003.06.21 16:33 B C:\www.fossane.no\safe\es\vacaciones\bjodlandsfolga.html --> ftp.fossane.no /fossane/safe/es/vacaciones bjodlandsfolga.html
2003.06.21 16:34 B C:\www.fossane.no\safe\es\vacaciones\folga.html --> ftp.fossane.no /fossane/safe/es/vacaciones folga.html
2003.06.21 16:34 B C:\www.fossane.no\safe\es\vacaciones\index.html --> ftp.fossane.no /fossane/safe/es/vacaciones index.html
2003.06.21 16:34 B C:\www.fossane.no\safe\es\vacaciones\jonsenhuset.html --> ftp.fossane.no /fossane/safe/es/vacaciones jonsenhuset.html
2003.06.21 16:34 B C:\www.fossane.no\safe\es\vacaciones\lagranja.html --> ftp.fossane.no /fossane/safe/es/vacaciones lagranja.html
2003.06.21 16:34 B C:\www.fossane.no\safe\es\vacaciones\lascasas.html --> ftp.fossane.no /fossane/safe/es/vacaciones lascasas.html
2003.06.21 16:34 B C:\www.fossane.no\safe\es\vacaciones\paseo.html --> ftp.fossane.no /fossane/safe/es/vacaciones paseo.html
2003.06.21 16:34 B C:\www.fossane.no\safe\es\vacaciones\pesca.html --> ftp.fossane.no /fossane/safe/es/vacaciones pesca.html
2003.06.21 16:34 B C:\www.fossane.no\safe\es\vacaciones\reservas.html --> ftp.fossane.no /fossane/safe/es/vacaciones reservas.html
2003.06.21 16:34 B C:\www.fossane.no\safe\es\vacaciones\WS_FTP.LOG --> ftp.fossane.no /fossane/safe/es/vacaciones WS_FTP.LOG
2003.07.07 01:46 B C:\www.fossane.no\safe\es\vacaciones\.html --> ftp.fossane.no /fossane/safe/es/vacaciones .html
2003.07.07 01:46 B C:\www.fossane.no\safe\es\vacaciones\actividades.html --> ftp.fossane.no /fossane/safe/es/vacaciones actividades.html
2003.07.07 01:46 B C:\www.fossane.no\safe\es\vacaciones\banarse.html --> ftp.fossane.no /fossane/safe/es/vacaciones banarse.html
2003.07.07 01:46 B C:\www.fossane.no\safe\es\vacaciones\bjodlandsfolga.html --> ftp.fossane.no /fossane/safe/es/vacaciones bjodlandsfolga.html
2003.07.07 01:46 B C:\www.fossane.no\safe\es\vacaciones\folga.html --> ftp.fossane.no /fossane/safe/es/vacaciones folga.html
2003.07.07 01:46 B C:\www.fossane.no\safe\es\vacaciones\index.html --> ftp.fossane.no /fossane/safe/es/vacaciones index.html
2003.07.07 01:46 B C:\www.fossane.no\safe\es\vacaciones\jonsenhuset.html --> ftp.fossane.no /fossane/safe/es/vacaciones jonsenhuset.html
2003.07.07 01:46 B C:\www.fossane.no\safe\es\vacaciones\lagranja.html --> ftp.fossane.no /fossane/safe/es/vacaciones lagranja.html
2003.07.07 01:46 B C:\www.fossane.no\safe\es\vacaciones\lascasas.html --> ftp.fossane.no /fossane/safe/es/vacaciones lascasas.html
2003.07.07 01:46 B C:\www.fossane.no\safe\es\vacaciones\paseo.html --> ftp.fossane.no /fossane/safe/es/vacaciones paseo.html
2003.07.07 01:46 B C:\www.fossane.no\safe\es\vacaciones\pesca.html --> ftp.fossane.no /fossane/safe/es/vacaciones pesca.html
2003.07.07 01:46 B C:\www.fossane.no\safe\es\vacaciones\reservas.html --> ftp.fossane.no /fossane/safe/es/vacaciones reservas.html
2003.07.08 00:18 B C:\www.fossane.no\safe\es\vacaciones\.html --> ftp.fossane.no /fossane/safe/es/vacaciones .html
2003.07.08 00:18 B C:\www.fossane.no\safe\es\vacaciones\actividades.html --> ftp.fossane.no /fossane/safe/es/vacaciones actividades.html
2003.07.08 00:18 B C:\www.fossane.no\safe\es\vacaciones\banarse.html --> ftp.fossane.no /fossane/safe/es/vacaciones banarse.html
2003.07.08 00:18 B C:\www.fossane.no\safe\es\vacaciones\bjodlandsfolga.html --> ftp.fossane.no /fossane/safe/es/vacaciones bjodlandsfolga.html
2003.07.08 00:18 B C:\www.fossane.no\safe\es\vacaciones\folga.html --> ftp.fossane.no /fossane/safe/es/vacaciones folga.html
2003.07.08 00:19 B C:\www.fossane.no\safe\es\vacaciones\index.html --> ftp.fossane.no /fossane/safe/es/vacaciones index.html
2003.07.08 00:19 B C:\www.fossane.no\safe\es\vacaciones\jonsenhuset.html --> ftp.fossane.no /fossane/safe/es/vacaciones jonsenhuset.html
2003.07.08 00:19 B C:\www.fossane.no\safe\es\vacaciones\lagranja.html --> ftp.fossane.no /fossane/safe/es/vacaciones lagranja.html
2003.07.08 00:19 B C:\www.fossane.no\safe\es\vacaciones\lascasas.html --> ftp.fossane.no /fossane/safe/es/vacaciones lascasas.html
2003.07.08 00:19 B C:\www.fossane.no\safe\es\vacaciones\paseo.html --> ftp.fossane.no /fossane/safe/es/vacaciones paseo.html
2003.07.08 00:19 B C:\www.fossane.no\safe\es\vacaciones\pesca.html --> ftp.fossane.no /fossane/safe/es/vacaciones pesca.html
2003.07.08 00:19 B C:\www.fossane.no\safe\es\vacaciones\reservas.html --> ftp.fossane.no /fossane/safe/es/vacaciones reservas.html
