2003.06.20 02:39 B C:\www.fossane.no\safe\en\holidays\activities.html --> ftp.fossane.no /fossane/safe/en/holidays activities.html
2003.06.20 02:39 B C:\www.fossane.no\safe\en\holidays\bjodlandsfolga.html --> ftp.fossane.no /fossane/safe/en/holidays bjodlandsfolga.html
2003.06.20 02:39 B C:\www.fossane.no\safe\en\holidays\booking.html --> ftp.fossane.no /fossane/safe/en/holidays booking.html
2003.06.20 02:39 B C:\www.fossane.no\safe\en\holidays\fishing.html --> ftp.fossane.no /fossane/safe/en/holidays fishing.html
2003.06.20 02:39 B C:\www.fossane.no\safe\en\holidays\folga.html --> ftp.fossane.no /fossane/safe/en/holidays folga.html
2003.06.20 02:39 B C:\www.fossane.no\safe\en\holidays\hiking.html --> ftp.fossane.no /fossane/safe/en/holidays hiking.html
2003.06.20 02:39 B C:\www.fossane.no\safe\en\holidays\howtofindus.html --> ftp.fossane.no /fossane/safe/en/holidays howtofindus.html
2003.06.20 02:39 B C:\www.fossane.no\safe\en\holidays\index.html --> ftp.fossane.no /fossane/safe/en/holidays index.html
2003.06.20 02:39 B C:\www.fossane.no\safe\en\holidays\jonsenhuset.html --> ftp.fossane.no /fossane/safe/en/holidays jonsenhuset.html
2003.06.20 02:39 B C:\www.fossane.no\safe\en\holidays\swimming.html --> ftp.fossane.no /fossane/safe/en/holidays swimming.html
2003.06.20 02:39 B C:\www.fossane.no\safe\en\holidays\thefarm.html --> ftp.fossane.no /fossane/safe/en/holidays thefarm.html
2003.06.20 02:39 B C:\www.fossane.no\safe\en\holidays\thehouses.html --> ftp.fossane.no /fossane/safe/en/holidays thehouses.html
2003.06.20 02:46 B C:\www.fossane.no\safe\en\holidays\WS_FTP.LOG --> ftp.fossane.no /fossane/safe/en/holidays WS_FTP.LOG
2003.06.21 01:27 B C:\www.fossane.no\safe\en\holidays\activities.html --> ftp.fossane.no /fossane/safe/en/holidays activities.html
2003.06.21 01:27 B C:\www.fossane.no\safe\en\holidays\bjodlandsfolga.html --> ftp.fossane.no /fossane/safe/en/holidays bjodlandsfolga.html
2003.06.21 01:27 B C:\www.fossane.no\safe\en\holidays\booking.html --> ftp.fossane.no /fossane/safe/en/holidays booking.html
2003.06.21 01:27 B C:\www.fossane.no\safe\en\holidays\fishing.html --> ftp.fossane.no /fossane/safe/en/holidays fishing.html
2003.06.21 01:27 B C:\www.fossane.no\safe\en\holidays\folga.html --> ftp.fossane.no /fossane/safe/en/holidays folga.html
2003.06.21 01:27 B C:\www.fossane.no\safe\en\holidays\hiking.html --> ftp.fossane.no /fossane/safe/en/holidays hiking.html
2003.06.21 01:27 B C:\www.fossane.no\safe\en\holidays\howtofindus.html --> ftp.fossane.no /fossane/safe/en/holidays howtofindus.html
2003.06.21 01:27 B C:\www.fossane.no\safe\en\holidays\index.html --> ftp.fossane.no /fossane/safe/en/holidays index.html
2003.06.21 01:27 B C:\www.fossane.no\safe\en\holidays\jonsenhuset.html --> ftp.fossane.no /fossane/safe/en/holidays jonsenhuset.html
2003.06.21 01:27 B C:\www.fossane.no\safe\en\holidays\swimming.html --> ftp.fossane.no /fossane/safe/en/holidays swimming.html
2003.06.21 01:27 B C:\www.fossane.no\safe\en\holidays\thefarm.html --> ftp.fossane.no /fossane/safe/en/holidays thefarm.html
2003.06.21 01:27 B C:\www.fossane.no\safe\en\holidays\thehouses.html --> ftp.fossane.no /fossane/safe/en/holidays thehouses.html
2003.06.21 16:33 B C:\www.fossane.no\safe\en\holidays\activities.html --> ftp.fossane.no /fossane/safe/en/holidays activities.html
2003.06.21 16:33 B C:\www.fossane.no\safe\en\holidays\bjodlandsfolga.html --> ftp.fossane.no /fossane/safe/en/holidays bjodlandsfolga.html
2003.06.21 16:33 B C:\www.fossane.no\safe\en\holidays\booking.html --> ftp.fossane.no /fossane/safe/en/holidays booking.html
2003.06.21 16:33 B C:\www.fossane.no\safe\en\holidays\fishing.html --> ftp.fossane.no /fossane/safe/en/holidays fishing.html
2003.06.21 16:33 B C:\www.fossane.no\safe\en\holidays\folga.html --> ftp.fossane.no /fossane/safe/en/holidays folga.html
2003.06.21 16:33 B C:\www.fossane.no\safe\en\holidays\hiking.html --> ftp.fossane.no /fossane/safe/en/holidays hiking.html
2003.06.21 16:33 B C:\www.fossane.no\safe\en\holidays\howtofindus.html --> ftp.fossane.no /fossane/safe/en/holidays howtofindus.html
2003.06.21 16:33 B C:\www.fossane.no\safe\en\holidays\index.html --> ftp.fossane.no /fossane/safe/en/holidays index.html
2003.06.21 16:33 B C:\www.fossane.no\safe\en\holidays\jonsenhuset.html --> ftp.fossane.no /fossane/safe/en/holidays jonsenhuset.html
2003.06.21 16:33 B C:\www.fossane.no\safe\en\holidays\swimming.html --> ftp.fossane.no /fossane/safe/en/holidays swimming.html
2003.06.21 16:33 B C:\www.fossane.no\safe\en\holidays\thefarm.html --> ftp.fossane.no /fossane/safe/en/holidays thefarm.html
2003.06.21 16:33 B C:\www.fossane.no\safe\en\holidays\thehouses.html --> ftp.fossane.no /fossane/safe/en/holidays thehouses.html
2003.06.21 16:33 B C:\www.fossane.no\safe\en\holidays\WS_FTP.LOG --> ftp.fossane.no /fossane/safe/en/holidays WS_FTP.LOG
2003.07.07 01:45 B C:\www.fossane.no\safe\en\holidays\activities.html --> ftp.fossane.no /fossane/safe/en/holidays activities.html
2003.07.07 01:45 B C:\www.fossane.no\safe\en\holidays\bjodlandsfolga.html --> ftp.fossane.no /fossane/safe/en/holidays bjodlandsfolga.html
2003.07.07 01:45 B C:\www.fossane.no\safe\en\holidays\booking.html --> ftp.fossane.no /fossane/safe/en/holidays booking.html
2003.07.07 01:45 B C:\www.fossane.no\safe\en\holidays\fishing.html --> ftp.fossane.no /fossane/safe/en/holidays fishing.html
2003.07.07 01:45 B C:\www.fossane.no\safe\en\holidays\folga.html --> ftp.fossane.no /fossane/safe/en/holidays folga.html
2003.07.07 01:45 B C:\www.fossane.no\safe\en\holidays\hiking.html --> ftp.fossane.no /fossane/safe/en/holidays hiking.html
2003.07.07 01:45 B C:\www.fossane.no\safe\en\holidays\howtofindus.html --> ftp.fossane.no /fossane/safe/en/holidays howtofindus.html
2003.07.07 01:45 B C:\www.fossane.no\safe\en\holidays\index.html --> ftp.fossane.no /fossane/safe/en/holidays index.html
2003.07.07 01:45 B C:\www.fossane.no\safe\en\holidays\jonsenhuset.html --> ftp.fossane.no /fossane/safe/en/holidays jonsenhuset.html
2003.07.07 01:45 B C:\www.fossane.no\safe\en\holidays\swimming.html --> ftp.fossane.no /fossane/safe/en/holidays swimming.html
2003.07.07 01:45 B C:\www.fossane.no\safe\en\holidays\thefarm.html --> ftp.fossane.no /fossane/safe/en/holidays thefarm.html
2003.07.07 01:45 B C:\www.fossane.no\safe\en\holidays\thehouses.html --> ftp.fossane.no /fossane/safe/en/holidays thehouses.html
2003.07.08 00:18 B C:\www.fossane.no\safe\en\holidays\activities.html --> ftp.fossane.no /fossane/safe/en/holidays activities.html
2003.07.08 00:18 B C:\www.fossane.no\safe\en\holidays\bjodlandsfolga.html --> ftp.fossane.no /fossane/safe/en/holidays bjodlandsfolga.html
2003.07.08 00:18 B C:\www.fossane.no\safe\en\holidays\booking.html --> ftp.fossane.no /fossane/safe/en/holidays booking.html
2003.07.08 00:18 B C:\www.fossane.no\safe\en\holidays\fishing.html --> ftp.fossane.no /fossane/safe/en/holidays fishing.html
2003.07.08 00:18 B C:\www.fossane.no\safe\en\holidays\folga.html --> ftp.fossane.no /fossane/safe/en/holidays folga.html
2003.07.08 00:18 B C:\www.fossane.no\safe\en\holidays\hiking.html --> ftp.fossane.no /fossane/safe/en/holidays hiking.html
2003.07.08 00:18 B C:\www.fossane.no\safe\en\holidays\howtofindus.html --> ftp.fossane.no /fossane/safe/en/holidays howtofindus.html
2003.07.08 00:18 B C:\www.fossane.no\safe\en\holidays\index.html --> ftp.fossane.no /fossane/safe/en/holidays index.html
2003.07.08 00:18 B C:\www.fossane.no\safe\en\holidays\jonsenhuset.html --> ftp.fossane.no /fossane/safe/en/holidays jonsenhuset.html
2003.07.08 00:18 B C:\www.fossane.no\safe\en\holidays\swimming.html --> ftp.fossane.no /fossane/safe/en/holidays swimming.html
2003.07.08 00:18 B C:\www.fossane.no\safe\en\holidays\thefarm.html --> ftp.fossane.no /fossane/safe/en/holidays thefarm.html
2003.07.08 00:18 B C:\www.fossane.no\safe\en\holidays\thehouses.html --> ftp.fossane.no /fossane/safe/en/holidays thehouses.html
