2003.06.19 13:40 B C:\www.fossane.no\grafikk\background.welcome2.jpg --> ftp.fossane.no /fossane/grafikk background.welcome2.jpg
2003.06.19 13:42 B C:\www.fossane.no\grafikk\background.welcome2.jpg --> ftp.fossane.no /fossane/grafikk background.welcome2.jpg
2003.06.19 13:47 B C:\www.fossane.no\grafikk\background.activities.jpg --> ftp.fossane.no /fossane/grafikk background.activities.jpg
2003.06.19 13:47 B C:\www.fossane.no\grafikk\background.agriculture.jpg --> ftp.fossane.no /fossane/grafikk background.agriculture.jpg
2003.06.19 13:47 B C:\www.fossane.no\grafikk\background.energy.jpg --> ftp.fossane.no /fossane/grafikk background.energy.jpg
2003.06.19 13:47 B C:\www.fossane.no\grafikk\background.fishing.jpg --> ftp.fossane.no /fossane/grafikk background.fishing.jpg
2003.06.19 13:47 B C:\www.fossane.no\grafikk\background.hiking.jpg --> ftp.fossane.no /fossane/grafikk background.hiking.jpg
2003.06.19 13:47 B C:\www.fossane.no\grafikk\background.holidays.jpg --> ftp.fossane.no /fossane/grafikk background.holidays.jpg
2003.06.19 13:47 B C:\www.fossane.no\grafikk\background.swimming.jpg --> ftp.fossane.no /fossane/grafikk background.swimming.jpg
2003.06.19 13:48 B C:\www.fossane.no\grafikk\background.thehouses.jpg --> ftp.fossane.no /fossane/grafikk background.thehouses.jpg
2003.06.19 13:48 B C:\www.fossane.no\grafikk\background.welcome3.jpg --> ftp.fossane.no /fossane/grafikk background.welcome3.jpg
2003.06.20 02:28 B C:\www.fossane.no\grafikk\back.gif --> ftp.fossane.no /fossane/grafikk back.gif
2003.06.20 02:28 B C:\www.fossane.no\grafikk\bjodlandsfolga.bad.01.jpg --> ftp.fossane.no /fossane/grafikk bjodlandsfolga.bad.01.jpg
2003.06.20 02:28 B C:\www.fossane.no\grafikk\bjodlandsfolga.kjokken.01.jpg --> ftp.fossane.no /fossane/grafikk bjodlandsfolga.kjokken.01.jpg
2003.06.20 02:28 B C:\www.fossane.no\grafikk\bjodlandsfolga.kjokken.02.jpg --> ftp.fossane.no /fossane/grafikk bjodlandsfolga.kjokken.02.jpg
2003.06.20 02:28 B C:\www.fossane.no\grafikk\bjodlandsfolga.soverom1.01.jpg --> ftp.fossane.no /fossane/grafikk bjodlandsfolga.soverom1.01.jpg
2003.06.20 02:28 B C:\www.fossane.no\grafikk\bjodlandsfolga.soverom1.02.jpg --> ftp.fossane.no /fossane/grafikk bjodlandsfolga.soverom1.02.jpg
2003.06.20 02:29 B C:\www.fossane.no\grafikk\bjodlandsfolga.soverom1.03.jpg --> ftp.fossane.no /fossane/grafikk bjodlandsfolga.soverom1.03.jpg
2003.06.20 02:29 B C:\www.fossane.no\grafikk\bjodlandsfolga.soverom2.01.jpg --> ftp.fossane.no /fossane/grafikk bjodlandsfolga.soverom2.01.jpg
2003.06.20 02:29 B C:\www.fossane.no\grafikk\bjodlandsfolga.soverom2.02.jpg --> ftp.fossane.no /fossane/grafikk bjodlandsfolga.soverom2.02.jpg
2003.06.20 02:29 B C:\www.fossane.no\grafikk\bjodlandsfolga.soverom2.03.jpg --> ftp.fossane.no /fossane/grafikk bjodlandsfolga.soverom2.03.jpg
2003.06.20 02:29 B C:\www.fossane.no\grafikk\bjodlandsfolga.start.01.jpg --> ftp.fossane.no /fossane/grafikk bjodlandsfolga.start.01.jpg
2003.06.20 02:29 B C:\www.fossane.no\grafikk\bjodlandsfolga.stove.01.jpg --> ftp.fossane.no /fossane/grafikk bjodlandsfolga.stove.01.jpg
2003.06.20 02:29 B C:\www.fossane.no\grafikk\bjodlandsfolga.stove.02.jpg --> ftp.fossane.no /fossane/grafikk bjodlandsfolga.stove.02.jpg
2003.06.20 02:29 B C:\www.fossane.no\grafikk\bjodlandsfolga.stove.03.jpg --> ftp.fossane.no /fossane/grafikk bjodlandsfolga.stove.03.jpg
2003.06.20 02:29 B C:\www.fossane.no\grafikk\bjodlandsfolgaplansje.gif --> ftp.fossane.no /fossane/grafikk bjodlandsfolgaplansje.gif
2003.06.20 02:29 B C:\www.fossane.no\grafikk\bullet.gif --> ftp.fossane.no /fossane/grafikk bullet.gif
2003.06.20 02:29 B C:\www.fossane.no\grafikk\bullet1.gif --> ftp.fossane.no /fossane/grafikk bullet1.gif
2003.06.20 02:29 B C:\www.fossane.no\grafikk\bullet2.gif --> ftp.fossane.no /fossane/grafikk bullet2.gif
2003.06.20 02:29 B C:\www.fossane.no\grafikk\folga.bad.01.jpg --> ftp.fossane.no /fossane/grafikk folga.bad.01.jpg
2003.06.20 02:29 B C:\www.fossane.no\grafikk\folga.bua.01.jpg --> ftp.fossane.no /fossane/grafikk folga.bua.01.jpg
2003.06.20 02:29 B C:\www.fossane.no\grafikk\folga.bua.02.jpg --> ftp.fossane.no /fossane/grafikk folga.bua.02.jpg
2003.06.20 02:29 B C:\www.fossane.no\grafikk\folga.bua.03.jpg --> ftp.fossane.no /fossane/grafikk folga.bua.03.jpg
2003.06.20 02:29 B C:\www.fossane.no\grafikk\folga.bua.04.jpg --> ftp.fossane.no /fossane/grafikk folga.bua.04.jpg
2003.06.20 02:29 B C:\www.fossane.no\grafikk\folga.bua.05.jpg --> ftp.fossane.no /fossane/grafikk folga.bua.05.jpg
2003.06.20 02:29 B C:\www.fossane.no\grafikk\folga.bua.06.jpg --> ftp.fossane.no /fossane/grafikk folga.bua.06.jpg
2003.06.20 02:29 B C:\www.fossane.no\grafikk\folga.bualemmen.01.jpg --> ftp.fossane.no /fossane/grafikk folga.bualemmen.01.jpg
2003.06.20 02:29 B C:\www.fossane.no\grafikk\folga.bualemmen.02.jpg --> ftp.fossane.no /fossane/grafikk folga.bualemmen.02.jpg
2003.06.20 02:30 B C:\www.fossane.no\grafikk\folga.bualemmen.03.jpg --> ftp.fossane.no /fossane/grafikk folga.bualemmen.03.jpg
2003.06.20 02:30 B C:\www.fossane.no\grafikk\folga.bualemmen.04.jpg --> ftp.fossane.no /fossane/grafikk folga.bualemmen.04.jpg
2003.06.20 02:30 B C:\www.fossane.no\grafikk\folga.kjokken.0.jpg --> ftp.fossane.no /fossane/grafikk folga.kjokken.0.jpg
2003.06.20 02:30 B C:\www.fossane.no\grafikk\folga.kjokken.01.jpg --> ftp.fossane.no /fossane/grafikk folga.kjokken.01.jpg
2003.06.20 02:30 B C:\www.fossane.no\grafikk\folga.kjokken.02.jpg --> ftp.fossane.no /fossane/grafikk folga.kjokken.02.jpg
2003.06.20 02:30 B C:\www.fossane.no\grafikk\folga.kjokken.03.jpg --> ftp.fossane.no /fossane/grafikk folga.kjokken.03.jpg
2003.06.20 02:30 B C:\www.fossane.no\grafikk\folga.oppatrappa.03.jpg --> ftp.fossane.no /fossane/grafikk folga.oppatrappa.03.jpg
2003.06.20 02:30 B C:\www.fossane.no\grafikk\folga.oppatrappa.04.jpg --> ftp.fossane.no /fossane/grafikk folga.oppatrappa.04.jpg
2003.06.20 02:30 B C:\www.fossane.no\grafikk\folga.soverom.02.jpg --> ftp.fossane.no /fossane/grafikk folga.soverom.02.jpg
2003.06.20 02:30 B C:\www.fossane.no\grafikk\folga.soverom.03.jpg --> ftp.fossane.no /fossane/grafikk folga.soverom.03.jpg
2003.06.20 02:30 B C:\www.fossane.no\grafikk\folga.soverom.04.jpg --> ftp.fossane.no /fossane/grafikk folga.soverom.04.jpg
2003.06.20 02:30 B C:\www.fossane.no\grafikk\folga.soverom.05.jpg --> ftp.fossane.no /fossane/grafikk folga.soverom.05.jpg
2003.06.20 02:31 B C:\www.fossane.no\grafikk\folga.soverom.06.jpg --> ftp.fossane.no /fossane/grafikk folga.soverom.06.jpg
2003.06.20 02:31 B C:\www.fossane.no\grafikk\folga.start.01.jpg --> ftp.fossane.no /fossane/grafikk folga.start.01.jpg
2003.06.20 02:31 B C:\www.fossane.no\grafikk\folga.stove.05.jpg --> ftp.fossane.no /fossane/grafikk folga.stove.05.jpg
2003.06.20 02:31 B C:\www.fossane.no\grafikk\folga.stove.06.jpg --> ftp.fossane.no /fossane/grafikk folga.stove.06.jpg
2003.06.20 02:31 B C:\www.fossane.no\grafikk\folga.stove.07.jpg --> ftp.fossane.no /fossane/grafikk folga.stove.07.jpg
2003.06.20 02:31 B C:\www.fossane.no\grafikk\folgaplansje.gif --> ftp.fossane.no /fossane/grafikk folgaplansje.gif
2003.06.20 02:31 B C:\www.fossane.no\grafikk\footer.jpg --> ftp.fossane.no /fossane/grafikk footer.jpg
2003.06.20 02:31 B C:\www.fossane.no\grafikk\hiking2.jpg --> ftp.fossane.no /fossane/grafikk hiking2.jpg
2003.06.20 02:31 B C:\www.fossane.no\grafikk\jonsenhuset.bad.01.jpg --> ftp.fossane.no /fossane/grafikk jonsenhuset.bad.01.jpg
2003.06.20 02:31 B C:\www.fossane.no\grafikk\jonsenhuset.gang.01.jpg --> ftp.fossane.no /fossane/grafikk jonsenhuset.gang.01.jpg
2003.06.20 02:31 B C:\www.fossane.no\grafikk\jonsenhuset.gang.02.jpg --> ftp.fossane.no /fossane/grafikk jonsenhuset.gang.02.jpg
2003.06.20 02:31 B C:\www.fossane.no\grafikk\jonsenhuset.kjokken.01.jpg --> ftp.fossane.no /fossane/grafikk jonsenhuset.kjokken.01.jpg
2003.06.20 02:31 B C:\www.fossane.no\grafikk\jonsenhuset.kjokken.02.jpg --> ftp.fossane.no /fossane/grafikk jonsenhuset.kjokken.02.jpg
2003.06.20 02:31 B C:\www.fossane.no\grafikk\jonsenhuset.kjokken.03.jpg --> ftp.fossane.no /fossane/grafikk jonsenhuset.kjokken.03.jpg
2003.06.20 02:31 B C:\www.fossane.no\grafikk\jonsenhuset.kjokken.04.jpg --> ftp.fossane.no /fossane/grafikk jonsenhuset.kjokken.04.jpg
2003.06.20 02:31 B C:\www.fossane.no\grafikk\jonsenhuset.oppatrappa.01.jpg --> ftp.fossane.no /fossane/grafikk jonsenhuset.oppatrappa.01.jpg
2003.06.20 02:31 B C:\www.fossane.no\grafikk\jonsenhuset.oppatrappa.02.jpg --> ftp.fossane.no /fossane/grafikk jonsenhuset.oppatrappa.02.jpg
2003.06.20 02:31 B C:\www.fossane.no\grafikk\jonsenhuset.soverom1.01.jpg --> ftp.fossane.no /fossane/grafikk jonsenhuset.soverom1.01.jpg
2003.06.20 02:31 B C:\www.fossane.no\grafikk\jonsenhuset.soverom1.02.jpg --> ftp.fossane.no /fossane/grafikk jonsenhuset.soverom1.02.jpg
2003.06.20 02:31 B C:\www.fossane.no\grafikk\jonsenhuset.soverom2.01.jpg --> ftp.fossane.no /fossane/grafikk jonsenhuset.soverom2.01.jpg
2003.06.20 02:31 B C:\www.fossane.no\grafikk\jonsenhuset.soverom2.02.jpg --> ftp.fossane.no /fossane/grafikk jonsenhuset.soverom2.02.jpg
2003.06.20 02:31 B C:\www.fossane.no\grafikk\jonsenhuset.soverom3.01.jpg --> ftp.fossane.no /fossane/grafikk jonsenhuset.soverom3.01.jpg
2003.06.20 02:31 B C:\www.fossane.no\grafikk\jonsenhuset.soverom3.02.jpg --> ftp.fossane.no /fossane/grafikk jonsenhuset.soverom3.02.jpg
2003.06.20 02:31 B C:\www.fossane.no\grafikk\jonsenhuset.start.01.jpg --> ftp.fossane.no /fossane/grafikk jonsenhuset.start.01.jpg
2003.06.20 02:32 B C:\www.fossane.no\grafikk\jonsenhuset.stove.01.jpg --> ftp.fossane.no /fossane/grafikk jonsenhuset.stove.01.jpg
2003.06.20 02:32 B C:\www.fossane.no\grafikk\jonsenhuset.stove.02.jpg --> ftp.fossane.no /fossane/grafikk jonsenhuset.stove.02.jpg
2003.06.20 02:32 B C:\www.fossane.no\grafikk\jonsenhuset.stove.03.jpg --> ftp.fossane.no /fossane/grafikk jonsenhuset.stove.03.jpg
2003.06.20 02:32 B C:\www.fossane.no\grafikk\jonsenhuset.stove.04.jpg --> ftp.fossane.no /fossane/grafikk jonsenhuset.stove.04.jpg
2003.06.20 02:32 B C:\www.fossane.no\grafikk\jonsenhuset.stove.05.jpg --> ftp.fossane.no /fossane/grafikk jonsenhuset.stove.05.jpg
2003.06.20 02:32 B C:\www.fossane.no\grafikk\jonsenhusetplansje.gif --> ftp.fossane.no /fossane/grafikk jonsenhusetplansje.gif
2003.06.20 02:32 B C:\www.fossane.no\grafikk\p-activities2.jpg --> ftp.fossane.no /fossane/grafikk p-activities2.jpg
2003.06.20 02:32 B C:\www.fossane.no\grafikk\p-bjodlandsfolga.jpg --> ftp.fossane.no /fossane/grafikk p-bjodlandsfolga.jpg
2003.06.20 02:32 B C:\www.fossane.no\grafikk\p-ferie.jpg --> ftp.fossane.no /fossane/grafikk p-ferie.jpg
2003.06.20 02:32 B C:\www.fossane.no\grafikk\p-ferie2.jpg --> ftp.fossane.no /fossane/grafikk p-ferie2.jpg
2003.06.20 02:32 B C:\www.fossane.no\grafikk\p-folga.jpg --> ftp.fossane.no /fossane/grafikk p-folga.jpg
2003.06.20 02:32 B C:\www.fossane.no\grafikk\p-fossane.jpg --> ftp.fossane.no /fossane/grafikk p-fossane.jpg
2003.06.20 02:32 B C:\www.fossane.no\grafikk\p-hiking.jpg --> ftp.fossane.no /fossane/grafikk p-hiking.jpg
2003.06.20 02:32 B C:\www.fossane.no\grafikk\p-hiking2.jpg --> ftp.fossane.no /fossane/grafikk p-hiking2.jpg
2003.06.20 02:32 B C:\www.fossane.no\grafikk\p-hiking3.jpg --> ftp.fossane.no /fossane/grafikk p-hiking3.jpg
2003.06.20 02:32 B C:\www.fossane.no\grafikk\p-husa.jpg --> ftp.fossane.no /fossane/grafikk p-husa.jpg
2003.06.20 02:32 B C:\www.fossane.no\grafikk\p-jonsenhuset.jpg --> ftp.fossane.no /fossane/grafikk p-jonsenhuset.jpg
2003.06.20 02:32 B C:\www.fossane.no\grafikk\p-swimming.jpg --> ftp.fossane.no /fossane/grafikk p-swimming.jpg
2003.06.20 02:32 B C:\www.fossane.no\grafikk\p-swimming2.jpg --> ftp.fossane.no /fossane/grafikk p-swimming2.jpg
2003.06.20 02:34 B C:\www.fossane.no\grafikk\pspbrwse.jbf --> ftp.fossane.no /fossane/grafikk pspbrwse.jbf
2003.06.20 02:34 B C:\www.fossane.no\grafikk\thefarm_.gif --> ftp.fossane.no /fossane/grafikk thefarm_.gif
2003.06.20 02:37 B C:\www.fossane.no\grafikk\Thumbs.db --> ftp.fossane.no /fossane/grafikk Thumbs.db
