2003.06.20 02:40 B C:\www.fossane.no\safe\no\ferie\aktivitetar.html --> ftp.fossane.no /fossane/safe/no/ferie aktivitetar.html
2003.06.20 02:40 B C:\www.fossane.no\safe\no\ferie\badeplassar.html --> ftp.fossane.no /fossane/safe/no/ferie badeplassar.html
2003.06.20 02:40 B C:\www.fossane.no\safe\no\ferie\bjodlandsfolga.html --> ftp.fossane.no /fossane/safe/no/ferie bjodlandsfolga.html
2003.06.20 02:40 B C:\www.fossane.no\safe\no\ferie\fiske.html --> ftp.fossane.no /fossane/safe/no/ferie fiske.html
2003.06.20 02:40 B C:\www.fossane.no\safe\no\ferie\folga.html --> ftp.fossane.no /fossane/safe/no/ferie folga.html
2003.06.20 02:40 B C:\www.fossane.no\safe\no\ferie\garden.html --> ftp.fossane.no /fossane/safe/no/ferie garden.html
2003.06.20 02:40 B C:\www.fossane.no\safe\no\ferie\herfinndeoss.html --> ftp.fossane.no /fossane/safe/no/ferie herfinndeoss.html
2003.06.20 02:40 B C:\www.fossane.no\safe\no\ferie\husa.html --> ftp.fossane.no /fossane/safe/no/ferie husa.html
2003.06.20 02:40 B C:\www.fossane.no\safe\no\ferie\index.html --> ftp.fossane.no /fossane/safe/no/ferie index.html
2003.06.20 02:40 B C:\www.fossane.no\safe\no\ferie\jonsenhuset.html --> ftp.fossane.no /fossane/safe/no/ferie jonsenhuset.html
2003.06.20 02:40 B C:\www.fossane.no\safe\no\ferie\prisar.html --> ftp.fossane.no /fossane/safe/no/ferie prisar.html
2003.06.20 02:40 B C:\www.fossane.no\safe\no\ferie\reservering.html --> ftp.fossane.no /fossane/safe/no/ferie reservering.html
2003.06.20 02:40 B C:\www.fossane.no\safe\no\ferie\turgaing.html --> ftp.fossane.no /fossane/safe/no/ferie turgaing.html
2003.06.20 02:46 B C:\www.fossane.no\safe\no\ferie\WS_FTP.LOG --> ftp.fossane.no /fossane/safe/no/ferie WS_FTP.LOG
2003.06.21 01:28 B C:\www.fossane.no\safe\no\ferie\aktivitetar.html --> ftp.fossane.no /fossane/safe/no/ferie aktivitetar.html
2003.06.21 01:28 B C:\www.fossane.no\safe\no\ferie\badeplassar.html --> ftp.fossane.no /fossane/safe/no/ferie badeplassar.html
2003.06.21 01:28 B C:\www.fossane.no\safe\no\ferie\bjodlandsfolga.html --> ftp.fossane.no /fossane/safe/no/ferie bjodlandsfolga.html
2003.06.21 01:28 B C:\www.fossane.no\safe\no\ferie\fiske.html --> ftp.fossane.no /fossane/safe/no/ferie fiske.html
2003.06.21 01:28 B C:\www.fossane.no\safe\no\ferie\folga.html --> ftp.fossane.no /fossane/safe/no/ferie folga.html
2003.06.21 01:28 B C:\www.fossane.no\safe\no\ferie\garden.html --> ftp.fossane.no /fossane/safe/no/ferie garden.html
2003.06.21 01:28 B C:\www.fossane.no\safe\no\ferie\herfinndeoss.html --> ftp.fossane.no /fossane/safe/no/ferie herfinndeoss.html
2003.06.21 01:28 B C:\www.fossane.no\safe\no\ferie\husa.html --> ftp.fossane.no /fossane/safe/no/ferie husa.html
2003.06.21 01:28 B C:\www.fossane.no\safe\no\ferie\index.html --> ftp.fossane.no /fossane/safe/no/ferie index.html
2003.06.21 01:28 B C:\www.fossane.no\safe\no\ferie\jonsenhuset.html --> ftp.fossane.no /fossane/safe/no/ferie jonsenhuset.html
2003.06.21 01:28 B C:\www.fossane.no\safe\no\ferie\reservering.html --> ftp.fossane.no /fossane/safe/no/ferie reservering.html
2003.06.21 01:29 B C:\www.fossane.no\safe\no\ferie\turgaing.html --> ftp.fossane.no /fossane/safe/no/ferie turgaing.html
2003.06.21 16:34 B C:\www.fossane.no\safe\no\ferie\aktivitetar.html --> ftp.fossane.no /fossane/safe/no/ferie aktivitetar.html
2003.06.21 16:34 B C:\www.fossane.no\safe\no\ferie\badeplassar.html --> ftp.fossane.no /fossane/safe/no/ferie badeplassar.html
2003.06.21 16:34 B C:\www.fossane.no\safe\no\ferie\bjodlandsfolga.html --> ftp.fossane.no /fossane/safe/no/ferie bjodlandsfolga.html
2003.06.21 16:34 B C:\www.fossane.no\safe\no\ferie\fiske.html --> ftp.fossane.no /fossane/safe/no/ferie fiske.html
2003.06.21 16:34 B C:\www.fossane.no\safe\no\ferie\folga.html --> ftp.fossane.no /fossane/safe/no/ferie folga.html
2003.06.21 16:34 B C:\www.fossane.no\safe\no\ferie\garden.html --> ftp.fossane.no /fossane/safe/no/ferie garden.html
2003.06.21 16:34 B C:\www.fossane.no\safe\no\ferie\herfinndeoss.html --> ftp.fossane.no /fossane/safe/no/ferie herfinndeoss.html
2003.06.21 16:34 B C:\www.fossane.no\safe\no\ferie\husa.html --> ftp.fossane.no /fossane/safe/no/ferie husa.html
2003.06.21 16:34 B C:\www.fossane.no\safe\no\ferie\index.html --> ftp.fossane.no /fossane/safe/no/ferie index.html
2003.06.21 16:34 B C:\www.fossane.no\safe\no\ferie\jonsenhuset.html --> ftp.fossane.no /fossane/safe/no/ferie jonsenhuset.html
2003.06.21 16:34 B C:\www.fossane.no\safe\no\ferie\reservering.html --> ftp.fossane.no /fossane/safe/no/ferie reservering.html
2003.06.21 16:34 B C:\www.fossane.no\safe\no\ferie\turgaing.html --> ftp.fossane.no /fossane/safe/no/ferie turgaing.html
2003.06.21 16:34 B C:\www.fossane.no\safe\no\ferie\WS_FTP.LOG --> ftp.fossane.no /fossane/safe/no/ferie WS_FTP.LOG
2003.07.07 01:47 B C:\www.fossane.no\safe\no\ferie\aktivitetar.html --> ftp.fossane.no /fossane/safe/no/ferie aktivitetar.html
2003.07.07 01:47 B C:\www.fossane.no\safe\no\ferie\badeplassar.html --> ftp.fossane.no /fossane/safe/no/ferie badeplassar.html
2003.07.07 01:47 B C:\www.fossane.no\safe\no\ferie\bjodlandsfolga.html --> ftp.fossane.no /fossane/safe/no/ferie bjodlandsfolga.html
2003.07.07 01:47 B C:\www.fossane.no\safe\no\ferie\fiske.html --> ftp.fossane.no /fossane/safe/no/ferie fiske.html
2003.07.07 01:47 B C:\www.fossane.no\safe\no\ferie\folga.html --> ftp.fossane.no /fossane/safe/no/ferie folga.html
2003.07.07 01:47 B C:\www.fossane.no\safe\no\ferie\garden.html --> ftp.fossane.no /fossane/safe/no/ferie garden.html
2003.07.07 01:47 B C:\www.fossane.no\safe\no\ferie\herfinndeoss.html --> ftp.fossane.no /fossane/safe/no/ferie herfinndeoss.html
2003.07.07 01:47 B C:\www.fossane.no\safe\no\ferie\husa.html --> ftp.fossane.no /fossane/safe/no/ferie husa.html
2003.07.07 01:47 B C:\www.fossane.no\safe\no\ferie\index.html --> ftp.fossane.no /fossane/safe/no/ferie index.html
2003.07.07 01:47 B C:\www.fossane.no\safe\no\ferie\jonsenhuset.html --> ftp.fossane.no /fossane/safe/no/ferie jonsenhuset.html
2003.07.07 01:47 B C:\www.fossane.no\safe\no\ferie\reservering.html --> ftp.fossane.no /fossane/safe/no/ferie reservering.html
2003.07.07 01:47 B C:\www.fossane.no\safe\no\ferie\turgaing.html --> ftp.fossane.no /fossane/safe/no/ferie turgaing.html
2003.07.08 00:20 B C:\www.fossane.no\safe\no\ferie\aktivitetar.html --> ftp.fossane.no /fossane/safe/no/ferie aktivitetar.html
2003.07.08 00:20 B C:\www.fossane.no\safe\no\ferie\badeplassar.html --> ftp.fossane.no /fossane/safe/no/ferie badeplassar.html
2003.07.08 00:20 B C:\www.fossane.no\safe\no\ferie\bjodlandsfolga.html --> ftp.fossane.no /fossane/safe/no/ferie bjodlandsfolga.html
2003.07.08 00:20 B C:\www.fossane.no\safe\no\ferie\fiske.html --> ftp.fossane.no /fossane/safe/no/ferie fiske.html
2003.07.08 00:20 B C:\www.fossane.no\safe\no\ferie\folga.html --> ftp.fossane.no /fossane/safe/no/ferie folga.html
2003.07.08 00:20 B C:\www.fossane.no\safe\no\ferie\garden.html --> ftp.fossane.no /fossane/safe/no/ferie garden.html
2003.07.08 00:20 B C:\www.fossane.no\safe\no\ferie\herfinndeoss.html --> ftp.fossane.no /fossane/safe/no/ferie herfinndeoss.html
2003.07.08 00:20 B C:\www.fossane.no\safe\no\ferie\husa.html --> ftp.fossane.no /fossane/safe/no/ferie husa.html
2003.07.08 00:20 B C:\www.fossane.no\safe\no\ferie\index.html --> ftp.fossane.no /fossane/safe/no/ferie index.html
2003.07.08 00:20 B C:\www.fossane.no\safe\no\ferie\jonsenhuset.html --> ftp.fossane.no /fossane/safe/no/ferie jonsenhuset.html
2003.07.08 00:20 B C:\www.fossane.no\safe\no\ferie\reservering.html --> ftp.fossane.no /fossane/safe/no/ferie reservering.html
2003.07.08 00:20 B C:\www.fossane.no\safe\no\ferie\turgaing.html --> ftp.fossane.no /fossane/safe/no/ferie turgaing.html
