2003.06.20 02:40 B C:\www.fossane.no\safe\fr\vacances\.html --> ftp.fossane.no /fossane/safe/fr/vacances .html
2003.06.20 02:40 B C:\www.fossane.no\safe\fr\vacances\activites.html --> ftp.fossane.no /fossane/safe/fr/vacances activites.html
2003.06.20 02:40 B C:\www.fossane.no\safe\fr\vacances\baigner.html --> ftp.fossane.no /fossane/safe/fr/vacances baigner.html
2003.06.20 02:40 B C:\www.fossane.no\safe\fr\vacances\bjodlandsfolga.html --> ftp.fossane.no /fossane/safe/fr/vacances bjodlandsfolga.html
2003.06.20 02:40 B C:\www.fossane.no\safe\fr\vacances\ferme.html --> ftp.fossane.no /fossane/safe/fr/vacances ferme.html
2003.06.20 02:40 B C:\www.fossane.no\safe\fr\vacances\folga.html --> ftp.fossane.no /fossane/safe/fr/vacances folga.html
2003.06.20 02:40 B C:\www.fossane.no\safe\fr\vacances\index.html --> ftp.fossane.no /fossane/safe/fr/vacances index.html
2003.06.20 02:40 B C:\www.fossane.no\safe\fr\vacances\jonsenhuset.html --> ftp.fossane.no /fossane/safe/fr/vacances jonsenhuset.html
2003.06.20 02:40 B C:\www.fossane.no\safe\fr\vacances\lesmaisons.html --> ftp.fossane.no /fossane/safe/fr/vacances lesmaisons.html
2003.06.20 02:40 B C:\www.fossane.no\safe\fr\vacances\peche.html --> ftp.fossane.no /fossane/safe/fr/vacances peche.html
2003.06.20 02:40 B C:\www.fossane.no\safe\fr\vacances\randonees.html --> ftp.fossane.no /fossane/safe/fr/vacances randonees.html
2003.06.20 02:40 B C:\www.fossane.no\safe\fr\vacances\reservation.html --> ftp.fossane.no /fossane/safe/fr/vacances reservation.html
2003.06.20 02:46 B C:\www.fossane.no\safe\fr\vacances\WS_FTP.LOG --> ftp.fossane.no /fossane/safe/fr/vacances WS_FTP.LOG
2003.06.21 01:28 B C:\www.fossane.no\safe\fr\vacances\.html --> ftp.fossane.no /fossane/safe/fr/vacances .html
2003.06.21 01:28 B C:\www.fossane.no\safe\fr\vacances\activites.html --> ftp.fossane.no /fossane/safe/fr/vacances activites.html
2003.06.21 01:28 B C:\www.fossane.no\safe\fr\vacances\baigner.html --> ftp.fossane.no /fossane/safe/fr/vacances baigner.html
2003.06.21 01:28 B C:\www.fossane.no\safe\fr\vacances\bjodlandsfolga.html --> ftp.fossane.no /fossane/safe/fr/vacances bjodlandsfolga.html
2003.06.21 01:28 B C:\www.fossane.no\safe\fr\vacances\ferme.html --> ftp.fossane.no /fossane/safe/fr/vacances ferme.html
2003.06.21 01:28 B C:\www.fossane.no\safe\fr\vacances\folga.html --> ftp.fossane.no /fossane/safe/fr/vacances folga.html
2003.06.21 01:28 B C:\www.fossane.no\safe\fr\vacances\index.html --> ftp.fossane.no /fossane/safe/fr/vacances index.html
2003.06.21 01:28 B C:\www.fossane.no\safe\fr\vacances\jonsenhuset.html --> ftp.fossane.no /fossane/safe/fr/vacances jonsenhuset.html
2003.06.21 01:28 B C:\www.fossane.no\safe\fr\vacances\lesmaisons.html --> ftp.fossane.no /fossane/safe/fr/vacances lesmaisons.html
2003.06.21 01:28 B C:\www.fossane.no\safe\fr\vacances\peche.html --> ftp.fossane.no /fossane/safe/fr/vacances peche.html
2003.06.21 01:28 B C:\www.fossane.no\safe\fr\vacances\randonees.html --> ftp.fossane.no /fossane/safe/fr/vacances randonees.html
2003.06.21 01:28 B C:\www.fossane.no\safe\fr\vacances\reservation.html --> ftp.fossane.no /fossane/safe/fr/vacances reservation.html
2003.06.21 16:34 B C:\www.fossane.no\safe\fr\vacances\.html --> ftp.fossane.no /fossane/safe/fr/vacances .html
2003.06.21 16:34 B C:\www.fossane.no\safe\fr\vacances\activites.html --> ftp.fossane.no /fossane/safe/fr/vacances activites.html
2003.06.21 16:34 B C:\www.fossane.no\safe\fr\vacances\baigner.html --> ftp.fossane.no /fossane/safe/fr/vacances baigner.html
2003.06.21 16:34 B C:\www.fossane.no\safe\fr\vacances\bjodlandsfolga.html --> ftp.fossane.no /fossane/safe/fr/vacances bjodlandsfolga.html
2003.06.21 16:34 B C:\www.fossane.no\safe\fr\vacances\ferme.html --> ftp.fossane.no /fossane/safe/fr/vacances ferme.html
2003.06.21 16:34 B C:\www.fossane.no\safe\fr\vacances\folga.html --> ftp.fossane.no /fossane/safe/fr/vacances folga.html
2003.06.21 16:34 B C:\www.fossane.no\safe\fr\vacances\index.html --> ftp.fossane.no /fossane/safe/fr/vacances index.html
2003.06.21 16:34 B C:\www.fossane.no\safe\fr\vacances\jonsenhuset.html --> ftp.fossane.no /fossane/safe/fr/vacances jonsenhuset.html
2003.06.21 16:34 B C:\www.fossane.no\safe\fr\vacances\lesmaisons.html --> ftp.fossane.no /fossane/safe/fr/vacances lesmaisons.html
2003.06.21 16:34 B C:\www.fossane.no\safe\fr\vacances\peche.html --> ftp.fossane.no /fossane/safe/fr/vacances peche.html
2003.06.21 16:34 B C:\www.fossane.no\safe\fr\vacances\randonees.html --> ftp.fossane.no /fossane/safe/fr/vacances randonees.html
2003.06.21 16:34 B C:\www.fossane.no\safe\fr\vacances\reservation.html --> ftp.fossane.no /fossane/safe/fr/vacances reservation.html
2003.06.21 16:34 B C:\www.fossane.no\safe\fr\vacances\WS_FTP.LOG --> ftp.fossane.no /fossane/safe/fr/vacances WS_FTP.LOG
2003.07.07 01:46 B C:\www.fossane.no\safe\fr\vacances\.html --> ftp.fossane.no /fossane/safe/fr/vacances .html
2003.07.07 01:46 B C:\www.fossane.no\safe\fr\vacances\activites.html --> ftp.fossane.no /fossane/safe/fr/vacances activites.html
2003.07.07 01:46 B C:\www.fossane.no\safe\fr\vacances\baigner.html --> ftp.fossane.no /fossane/safe/fr/vacances baigner.html
2003.07.07 01:46 B C:\www.fossane.no\safe\fr\vacances\bjodlandsfolga.html --> ftp.fossane.no /fossane/safe/fr/vacances bjodlandsfolga.html
2003.07.07 01:46 B C:\www.fossane.no\safe\fr\vacances\ferme.html --> ftp.fossane.no /fossane/safe/fr/vacances ferme.html
2003.07.07 01:46 B C:\www.fossane.no\safe\fr\vacances\folga.html --> ftp.fossane.no /fossane/safe/fr/vacances folga.html
2003.07.07 01:46 B C:\www.fossane.no\safe\fr\vacances\index.html --> ftp.fossane.no /fossane/safe/fr/vacances index.html
2003.07.07 01:46 B C:\www.fossane.no\safe\fr\vacances\jonsenhuset.html --> ftp.fossane.no /fossane/safe/fr/vacances jonsenhuset.html
2003.07.07 01:46 B C:\www.fossane.no\safe\fr\vacances\lesmaisons.html --> ftp.fossane.no /fossane/safe/fr/vacances lesmaisons.html
2003.07.07 01:46 B C:\www.fossane.no\safe\fr\vacances\peche.html --> ftp.fossane.no /fossane/safe/fr/vacances peche.html
2003.07.07 01:46 B C:\www.fossane.no\safe\fr\vacances\randonees.html --> ftp.fossane.no /fossane/safe/fr/vacances randonees.html
2003.07.07 01:46 B C:\www.fossane.no\safe\fr\vacances\reservation.html --> ftp.fossane.no /fossane/safe/fr/vacances reservation.html
2003.07.08 00:20 B C:\www.fossane.no\safe\fr\vacances\.html --> ftp.fossane.no /fossane/safe/fr/vacances .html
2003.07.08 00:20 B C:\www.fossane.no\safe\fr\vacances\activites.html --> ftp.fossane.no /fossane/safe/fr/vacances activites.html
2003.07.08 00:20 B C:\www.fossane.no\safe\fr\vacances\baigner.html --> ftp.fossane.no /fossane/safe/fr/vacances baigner.html
2003.07.08 00:20 B C:\www.fossane.no\safe\fr\vacances\bjodlandsfolga.html --> ftp.fossane.no /fossane/safe/fr/vacances bjodlandsfolga.html
2003.07.08 00:20 B C:\www.fossane.no\safe\fr\vacances\ferme.html --> ftp.fossane.no /fossane/safe/fr/vacances ferme.html
2003.07.08 00:20 B C:\www.fossane.no\safe\fr\vacances\folga.html --> ftp.fossane.no /fossane/safe/fr/vacances folga.html
2003.07.08 00:20 B C:\www.fossane.no\safe\fr\vacances\index.html --> ftp.fossane.no /fossane/safe/fr/vacances index.html
2003.07.08 00:20 B C:\www.fossane.no\safe\fr\vacances\jonsenhuset.html --> ftp.fossane.no /fossane/safe/fr/vacances jonsenhuset.html
2003.07.08 00:20 B C:\www.fossane.no\safe\fr\vacances\lesmaisons.html --> ftp.fossane.no /fossane/safe/fr/vacances lesmaisons.html
2003.07.08 00:20 B C:\www.fossane.no\safe\fr\vacances\peche.html --> ftp.fossane.no /fossane/safe/fr/vacances peche.html
2003.07.08 00:20 B C:\www.fossane.no\safe\fr\vacances\randonees.html --> ftp.fossane.no /fossane/safe/fr/vacances randonees.html
2003.07.08 00:20 B C:\www.fossane.no\safe\fr\vacances\reservation.html --> ftp.fossane.no /fossane/safe/fr/vacances reservation.html
