2003.06.20 02:38 B C:\www.fossane.no\safe\de\ferien\.html --> ftp.fossane.no /fossane/safe/de/ferien .html
2003.06.20 02:38 B C:\www.fossane.no\safe\de\ferien\aktivitaten.html --> ftp.fossane.no /fossane/safe/de/ferien aktivitaten.html
2003.06.20 02:38 B C:\www.fossane.no\safe\de\ferien\angeln.html --> ftp.fossane.no /fossane/safe/de/ferien angeln.html
2003.06.20 02:38 B C:\www.fossane.no\safe\de\ferien\baden.html --> ftp.fossane.no /fossane/safe/de/ferien baden.html
2003.06.20 02:38 B C:\www.fossane.no\safe\de\ferien\bjodlandsfolga.html --> ftp.fossane.no /fossane/safe/de/ferien bjodlandsfolga.html
2003.06.20 02:38 B C:\www.fossane.no\safe\de\ferien\buchung.html --> ftp.fossane.no /fossane/safe/de/ferien buchung.html
2003.06.20 02:38 B C:\www.fossane.no\safe\de\ferien\diefarm.html --> ftp.fossane.no /fossane/safe/de/ferien diefarm.html
2003.06.20 02:38 B C:\www.fossane.no\safe\de\ferien\diehauser.html --> ftp.fossane.no /fossane/safe/de/ferien diehauser.html
2003.06.20 02:38 B C:\www.fossane.no\safe\de\ferien\folga.html --> ftp.fossane.no /fossane/safe/de/ferien folga.html
2003.06.20 02:38 B C:\www.fossane.no\safe\de\ferien\index.html --> ftp.fossane.no /fossane/safe/de/ferien index.html
2003.06.20 02:38 B C:\www.fossane.no\safe\de\ferien\jonsenhuset.html --> ftp.fossane.no /fossane/safe/de/ferien jonsenhuset.html
2003.06.20 02:38 B C:\www.fossane.no\safe\de\ferien\wandern.html --> ftp.fossane.no /fossane/safe/de/ferien wandern.html
2003.06.20 02:45 B C:\www.fossane.no\safe\de\ferien\WS_FTP.LOG --> ftp.fossane.no /fossane/safe/de/ferien WS_FTP.LOG
2003.06.21 01:27 B C:\www.fossane.no\safe\de\ferien\.html --> ftp.fossane.no /fossane/safe/de/ferien .html
2003.06.21 01:27 B C:\www.fossane.no\safe\de\ferien\aktivitaten.html --> ftp.fossane.no /fossane/safe/de/ferien aktivitaten.html
2003.06.21 01:27 B C:\www.fossane.no\safe\de\ferien\angeln.html --> ftp.fossane.no /fossane/safe/de/ferien angeln.html
2003.06.21 01:27 B C:\www.fossane.no\safe\de\ferien\baden.html --> ftp.fossane.no /fossane/safe/de/ferien baden.html
2003.06.21 01:27 B C:\www.fossane.no\safe\de\ferien\bjodlandsfolga.html --> ftp.fossane.no /fossane/safe/de/ferien bjodlandsfolga.html
2003.06.21 01:27 B C:\www.fossane.no\safe\de\ferien\buchung.html --> ftp.fossane.no /fossane/safe/de/ferien buchung.html
2003.06.21 01:27 B C:\www.fossane.no\safe\de\ferien\diefarm.html --> ftp.fossane.no /fossane/safe/de/ferien diefarm.html
2003.06.21 01:27 B C:\www.fossane.no\safe\de\ferien\diehauser.html --> ftp.fossane.no /fossane/safe/de/ferien diehauser.html
2003.06.21 01:27 B C:\www.fossane.no\safe\de\ferien\folga.html --> ftp.fossane.no /fossane/safe/de/ferien folga.html
2003.06.21 01:27 B C:\www.fossane.no\safe\de\ferien\index.html --> ftp.fossane.no /fossane/safe/de/ferien index.html
2003.06.21 01:27 B C:\www.fossane.no\safe\de\ferien\jonsenhuset.html --> ftp.fossane.no /fossane/safe/de/ferien jonsenhuset.html
2003.06.21 01:27 B C:\www.fossane.no\safe\de\ferien\wandern.html --> ftp.fossane.no /fossane/safe/de/ferien wandern.html
2003.06.21 16:32 B C:\www.fossane.no\safe\de\ferien\.html --> ftp.fossane.no /fossane/safe/de/ferien .html
2003.06.21 16:33 B C:\www.fossane.no\safe\de\ferien\aktivitaten.html --> ftp.fossane.no /fossane/safe/de/ferien aktivitaten.html
2003.06.21 16:33 B C:\www.fossane.no\safe\de\ferien\angeln.html --> ftp.fossane.no /fossane/safe/de/ferien angeln.html
2003.06.21 16:33 B C:\www.fossane.no\safe\de\ferien\baden.html --> ftp.fossane.no /fossane/safe/de/ferien baden.html
2003.06.21 16:33 B C:\www.fossane.no\safe\de\ferien\bjodlandsfolga.html --> ftp.fossane.no /fossane/safe/de/ferien bjodlandsfolga.html
2003.06.21 16:33 B C:\www.fossane.no\safe\de\ferien\buchung.html --> ftp.fossane.no /fossane/safe/de/ferien buchung.html
2003.06.21 16:33 B C:\www.fossane.no\safe\de\ferien\diefarm.html --> ftp.fossane.no /fossane/safe/de/ferien diefarm.html
2003.06.21 16:33 B C:\www.fossane.no\safe\de\ferien\diehauser.html --> ftp.fossane.no /fossane/safe/de/ferien diehauser.html
2003.06.21 16:33 B C:\www.fossane.no\safe\de\ferien\folga.html --> ftp.fossane.no /fossane/safe/de/ferien folga.html
2003.06.21 16:33 B C:\www.fossane.no\safe\de\ferien\index.html --> ftp.fossane.no /fossane/safe/de/ferien index.html
2003.06.21 16:33 B C:\www.fossane.no\safe\de\ferien\jonsenhuset.html --> ftp.fossane.no /fossane/safe/de/ferien jonsenhuset.html
2003.06.21 16:33 B C:\www.fossane.no\safe\de\ferien\wandern.html --> ftp.fossane.no /fossane/safe/de/ferien wandern.html
2003.06.21 16:33 B C:\www.fossane.no\safe\de\ferien\WS_FTP.LOG --> ftp.fossane.no /fossane/safe/de/ferien WS_FTP.LOG
2003.07.07 01:45 B C:\www.fossane.no\safe\de\ferien\.html --> ftp.fossane.no /fossane/safe/de/ferien .html
2003.07.07 01:45 B C:\www.fossane.no\safe\de\ferien\aktivitaten.html --> ftp.fossane.no /fossane/safe/de/ferien aktivitaten.html
2003.07.07 01:45 B C:\www.fossane.no\safe\de\ferien\angeln.html --> ftp.fossane.no /fossane/safe/de/ferien angeln.html
2003.07.07 01:45 B C:\www.fossane.no\safe\de\ferien\baden.html --> ftp.fossane.no /fossane/safe/de/ferien baden.html
2003.07.07 01:45 B C:\www.fossane.no\safe\de\ferien\bjodlandsfolga.html --> ftp.fossane.no /fossane/safe/de/ferien bjodlandsfolga.html
2003.07.07 01:45 B C:\www.fossane.no\safe\de\ferien\buchung.html --> ftp.fossane.no /fossane/safe/de/ferien buchung.html
2003.07.07 01:45 B C:\www.fossane.no\safe\de\ferien\diefarm.html --> ftp.fossane.no /fossane/safe/de/ferien diefarm.html
2003.07.07 01:45 B C:\www.fossane.no\safe\de\ferien\diehauser.html --> ftp.fossane.no /fossane/safe/de/ferien diehauser.html
2003.07.07 01:45 B C:\www.fossane.no\safe\de\ferien\folga.html --> ftp.fossane.no /fossane/safe/de/ferien folga.html
2003.07.07 01:45 B C:\www.fossane.no\safe\de\ferien\index.html --> ftp.fossane.no /fossane/safe/de/ferien index.html
2003.07.07 01:45 B C:\www.fossane.no\safe\de\ferien\jonsenhuset.html --> ftp.fossane.no /fossane/safe/de/ferien jonsenhuset.html
2003.07.07 01:45 B C:\www.fossane.no\safe\de\ferien\wandern.html --> ftp.fossane.no /fossane/safe/de/ferien wandern.html
2003.07.08 00:17 B C:\www.fossane.no\safe\de\ferien\.html --> ftp.fossane.no /fossane/safe/de/ferien .html
2003.07.08 00:17 B C:\www.fossane.no\safe\de\ferien\aktivitaten.html --> ftp.fossane.no /fossane/safe/de/ferien aktivitaten.html
2003.07.08 00:17 B C:\www.fossane.no\safe\de\ferien\angeln.html --> ftp.fossane.no /fossane/safe/de/ferien angeln.html
2003.07.08 00:17 B C:\www.fossane.no\safe\de\ferien\baden.html --> ftp.fossane.no /fossane/safe/de/ferien baden.html
2003.07.08 00:17 B C:\www.fossane.no\safe\de\ferien\bjodlandsfolga.html --> ftp.fossane.no /fossane/safe/de/ferien bjodlandsfolga.html
2003.07.08 00:17 B C:\www.fossane.no\safe\de\ferien\buchung.html --> ftp.fossane.no /fossane/safe/de/ferien buchung.html
2003.07.08 00:17 B C:\www.fossane.no\safe\de\ferien\diefarm.html --> ftp.fossane.no /fossane/safe/de/ferien diefarm.html
2003.07.08 00:17 B C:\www.fossane.no\safe\de\ferien\diehauser.html --> ftp.fossane.no /fossane/safe/de/ferien diehauser.html
2003.07.08 00:17 B C:\www.fossane.no\safe\de\ferien\folga.html --> ftp.fossane.no /fossane/safe/de/ferien folga.html
2003.07.08 00:17 B C:\www.fossane.no\safe\de\ferien\index.html --> ftp.fossane.no /fossane/safe/de/ferien index.html
2003.07.08 00:17 B C:\www.fossane.no\safe\de\ferien\jonsenhuset.html --> ftp.fossane.no /fossane/safe/de/ferien jonsenhuset.html
2003.07.08 00:17 B C:\www.fossane.no\safe\de\ferien\wandern.html --> ftp.fossane.no /fossane/safe/de/ferien wandern.html
