2003.06.20 02:28 B C:\www.fossane.no\es\vacaciones\.html --> ftp.fossane.no /fossane/es/vacaciones .html
2003.06.20 02:28 B C:\www.fossane.no\es\vacaciones\actividades.html --> ftp.fossane.no /fossane/es/vacaciones actividades.html
2003.06.20 02:28 B C:\www.fossane.no\es\vacaciones\banarse.html --> ftp.fossane.no /fossane/es/vacaciones banarse.html
2003.06.20 02:28 B C:\www.fossane.no\es\vacaciones\bjodlandsfolga.html --> ftp.fossane.no /fossane/es/vacaciones bjodlandsfolga.html
2003.06.20 02:28 B C:\www.fossane.no\es\vacaciones\folga.html --> ftp.fossane.no /fossane/es/vacaciones folga.html
2003.06.20 02:28 B C:\www.fossane.no\es\vacaciones\index.html --> ftp.fossane.no /fossane/es/vacaciones index.html
2003.06.20 02:28 B C:\www.fossane.no\es\vacaciones\jonsenhuset.html --> ftp.fossane.no /fossane/es/vacaciones jonsenhuset.html
2003.06.20 02:28 B C:\www.fossane.no\es\vacaciones\lagranja.html --> ftp.fossane.no /fossane/es/vacaciones lagranja.html
2003.06.20 02:28 B C:\www.fossane.no\es\vacaciones\lascasas.html --> ftp.fossane.no /fossane/es/vacaciones lascasas.html
2003.06.20 02:28 B C:\www.fossane.no\es\vacaciones\paseo.html --> ftp.fossane.no /fossane/es/vacaciones paseo.html
2003.06.20 02:28 B C:\www.fossane.no\es\vacaciones\pesca.html --> ftp.fossane.no /fossane/es/vacaciones pesca.html
2003.06.20 02:28 B C:\www.fossane.no\es\vacaciones\reservas.html --> ftp.fossane.no /fossane/es/vacaciones reservas.html
2003.06.20 02:51 B C:\www.fossane.no\es\vacaciones\.html --> ftp.fossane.no /fossane/es/vacaciones .html
2003.06.20 02:51 B C:\www.fossane.no\es\vacaciones\actividades.html --> ftp.fossane.no /fossane/es/vacaciones actividades.html
2003.06.20 02:51 B C:\www.fossane.no\es\vacaciones\banarse.html --> ftp.fossane.no /fossane/es/vacaciones banarse.html
2003.06.20 02:51 B C:\www.fossane.no\es\vacaciones\bjodlandsfolga.html --> ftp.fossane.no /fossane/es/vacaciones bjodlandsfolga.html
2003.06.20 02:51 B C:\www.fossane.no\es\vacaciones\folga.html --> ftp.fossane.no /fossane/es/vacaciones folga.html
2003.06.20 02:51 B C:\www.fossane.no\es\vacaciones\index.html --> ftp.fossane.no /fossane/es/vacaciones index.html
2003.06.20 02:51 B C:\www.fossane.no\es\vacaciones\jonsenhuset.html --> ftp.fossane.no /fossane/es/vacaciones jonsenhuset.html
2003.06.20 02:51 B C:\www.fossane.no\es\vacaciones\lagranja.html --> ftp.fossane.no /fossane/es/vacaciones lagranja.html
2003.06.20 02:51 B C:\www.fossane.no\es\vacaciones\lascasas.html --> ftp.fossane.no /fossane/es/vacaciones lascasas.html
2003.06.20 02:51 B C:\www.fossane.no\es\vacaciones\paseo.html --> ftp.fossane.no /fossane/es/vacaciones paseo.html
2003.06.20 02:51 B C:\www.fossane.no\es\vacaciones\pesca.html --> ftp.fossane.no /fossane/es/vacaciones pesca.html
2003.06.20 02:51 B C:\www.fossane.no\es\vacaciones\reservas.html --> ftp.fossane.no /fossane/es/vacaciones reservas.html
2003.06.20 02:51 B C:\www.fossane.no\es\vacaciones\WS_FTP.LOG --> ftp.fossane.no /fossane/es/vacaciones WS_FTP.LOG
2003.06.21 01:26 B C:\www.fossane.no\es\vacaciones\.html --> ftp.fossane.no /fossane/es/vacaciones .html
2003.06.21 01:26 B C:\www.fossane.no\es\vacaciones\actividades.html --> ftp.fossane.no /fossane/es/vacaciones actividades.html
2003.06.21 01:26 B C:\www.fossane.no\es\vacaciones\banarse.html --> ftp.fossane.no /fossane/es/vacaciones banarse.html
2003.06.21 01:26 B C:\www.fossane.no\es\vacaciones\bjodlandsfolga.html --> ftp.fossane.no /fossane/es/vacaciones bjodlandsfolga.html
2003.06.21 01:26 B C:\www.fossane.no\es\vacaciones\folga.html --> ftp.fossane.no /fossane/es/vacaciones folga.html
2003.06.21 01:26 B C:\www.fossane.no\es\vacaciones\index.html --> ftp.fossane.no /fossane/es/vacaciones index.html
2003.06.21 01:26 B C:\www.fossane.no\es\vacaciones\jonsenhuset.html --> ftp.fossane.no /fossane/es/vacaciones jonsenhuset.html
2003.06.21 01:26 B C:\www.fossane.no\es\vacaciones\lagranja.html --> ftp.fossane.no /fossane/es/vacaciones lagranja.html
2003.06.21 01:26 B C:\www.fossane.no\es\vacaciones\lascasas.html --> ftp.fossane.no /fossane/es/vacaciones lascasas.html
2003.06.21 01:26 B C:\www.fossane.no\es\vacaciones\paseo.html --> ftp.fossane.no /fossane/es/vacaciones paseo.html
2003.06.21 01:26 B C:\www.fossane.no\es\vacaciones\pesca.html --> ftp.fossane.no /fossane/es/vacaciones pesca.html
2003.06.21 01:26 B C:\www.fossane.no\es\vacaciones\reservas.html --> ftp.fossane.no /fossane/es/vacaciones reservas.html
2003.06.21 16:31 B C:\www.fossane.no\es\vacaciones\.html --> ftp.fossane.no /fossane/es/vacaciones .html
2003.06.21 16:31 B C:\www.fossane.no\es\vacaciones\actividades.html --> ftp.fossane.no /fossane/es/vacaciones actividades.html
2003.06.21 16:31 B C:\www.fossane.no\es\vacaciones\banarse.html --> ftp.fossane.no /fossane/es/vacaciones banarse.html
2003.06.21 16:31 B C:\www.fossane.no\es\vacaciones\bjodlandsfolga.html --> ftp.fossane.no /fossane/es/vacaciones bjodlandsfolga.html
2003.06.21 16:31 B C:\www.fossane.no\es\vacaciones\folga.html --> ftp.fossane.no /fossane/es/vacaciones folga.html
2003.06.21 16:31 B C:\www.fossane.no\es\vacaciones\index.html --> ftp.fossane.no /fossane/es/vacaciones index.html
2003.06.21 16:31 B C:\www.fossane.no\es\vacaciones\jonsenhuset.html --> ftp.fossane.no /fossane/es/vacaciones jonsenhuset.html
2003.06.21 16:31 B C:\www.fossane.no\es\vacaciones\lagranja.html --> ftp.fossane.no /fossane/es/vacaciones lagranja.html
2003.06.21 16:31 B C:\www.fossane.no\es\vacaciones\lascasas.html --> ftp.fossane.no /fossane/es/vacaciones lascasas.html
2003.06.21 16:31 B C:\www.fossane.no\es\vacaciones\paseo.html --> ftp.fossane.no /fossane/es/vacaciones paseo.html
2003.06.21 16:31 B C:\www.fossane.no\es\vacaciones\pesca.html --> ftp.fossane.no /fossane/es/vacaciones pesca.html
2003.06.21 16:31 B C:\www.fossane.no\es\vacaciones\reservas.html --> ftp.fossane.no /fossane/es/vacaciones reservas.html
2003.06.21 16:31 B C:\www.fossane.no\es\vacaciones\WS_FTP.LOG --> ftp.fossane.no /fossane/es/vacaciones WS_FTP.LOG
2003.07.07 01:35 B C:\www.fossane.no\es\vacaciones\.html --> ftp.fossane.no /fossane/es/vacaciones .html
2003.07.07 01:35 B C:\www.fossane.no\es\vacaciones\actividades.html --> ftp.fossane.no /fossane/es/vacaciones actividades.html
2003.07.07 01:35 B C:\www.fossane.no\es\vacaciones\banarse.html --> ftp.fossane.no /fossane/es/vacaciones banarse.html
2003.07.07 01:35 B C:\www.fossane.no\es\vacaciones\bjodlandsfolga.html --> ftp.fossane.no /fossane/es/vacaciones bjodlandsfolga.html
2003.07.07 01:35 B C:\www.fossane.no\es\vacaciones\folga.html --> ftp.fossane.no /fossane/es/vacaciones folga.html
2003.07.07 01:35 B C:\www.fossane.no\es\vacaciones\index.html --> ftp.fossane.no /fossane/es/vacaciones index.html
2003.07.07 01:35 B C:\www.fossane.no\es\vacaciones\jonsenhuset.html --> ftp.fossane.no /fossane/es/vacaciones jonsenhuset.html
2003.07.07 01:36 B C:\www.fossane.no\es\vacaciones\lagranja.html --> ftp.fossane.no /fossane/es/vacaciones lagranja.html
2003.07.07 01:36 B C:\www.fossane.no\es\vacaciones\lascasas.html --> ftp.fossane.no /fossane/es/vacaciones lascasas.html
2003.07.07 01:36 B C:\www.fossane.no\es\vacaciones\paseo.html --> ftp.fossane.no /fossane/es/vacaciones paseo.html
2003.07.07 01:36 B C:\www.fossane.no\es\vacaciones\pesca.html --> ftp.fossane.no /fossane/es/vacaciones pesca.html
2003.07.07 01:36 B C:\www.fossane.no\es\vacaciones\reservas.html --> ftp.fossane.no /fossane/es/vacaciones reservas.html
2003.07.08 00:15 B C:\www.fossane.no\es\vacaciones\.html --> ftp.fossane.no /fossane/es/vacaciones .html
2003.07.08 00:15 B C:\www.fossane.no\es\vacaciones\actividades.html --> ftp.fossane.no /fossane/es/vacaciones actividades.html
2003.07.08 00:15 B C:\www.fossane.no\es\vacaciones\banarse.html --> ftp.fossane.no /fossane/es/vacaciones banarse.html
2003.07.08 00:15 B C:\www.fossane.no\es\vacaciones\bjodlandsfolga.html --> ftp.fossane.no /fossane/es/vacaciones bjodlandsfolga.html
2003.07.08 00:15 B C:\www.fossane.no\es\vacaciones\folga.html --> ftp.fossane.no /fossane/es/vacaciones folga.html
2003.07.08 00:15 B C:\www.fossane.no\es\vacaciones\index.html --> ftp.fossane.no /fossane/es/vacaciones index.html
2003.07.08 00:15 B C:\www.fossane.no\es\vacaciones\jonsenhuset.html --> ftp.fossane.no /fossane/es/vacaciones jonsenhuset.html
2003.07.08 00:15 B C:\www.fossane.no\es\vacaciones\lagranja.html --> ftp.fossane.no /fossane/es/vacaciones lagranja.html
2003.07.08 00:15 B C:\www.fossane.no\es\vacaciones\lascasas.html --> ftp.fossane.no /fossane/es/vacaciones lascasas.html
2003.07.08 00:15 B C:\www.fossane.no\es\vacaciones\paseo.html --> ftp.fossane.no /fossane/es/vacaciones paseo.html
2003.07.08 00:15 B C:\www.fossane.no\es\vacaciones\pesca.html --> ftp.fossane.no /fossane/es/vacaciones pesca.html
2003.07.08 00:15 B C:\www.fossane.no\es\vacaciones\reservas.html --> ftp.fossane.no /fossane/es/vacaciones reservas.html
