2003.06.20 02:27 B C:\www.fossane.no\de\ferien\.html --> ftp.fossane.no /fossane/de/ferien .html
2003.06.20 02:27 B C:\www.fossane.no\de\ferien\aktivitaten.html --> ftp.fossane.no /fossane/de/ferien aktivitaten.html
2003.06.20 02:27 B C:\www.fossane.no\de\ferien\angeln.html --> ftp.fossane.no /fossane/de/ferien angeln.html
2003.06.20 02:27 B C:\www.fossane.no\de\ferien\baden.html --> ftp.fossane.no /fossane/de/ferien baden.html
2003.06.20 02:27 B C:\www.fossane.no\de\ferien\bjodlandsfolga.html --> ftp.fossane.no /fossane/de/ferien bjodlandsfolga.html
2003.06.20 02:27 B C:\www.fossane.no\de\ferien\buchung.html --> ftp.fossane.no /fossane/de/ferien buchung.html
2003.06.20 02:27 B C:\www.fossane.no\de\ferien\diefarm.html --> ftp.fossane.no /fossane/de/ferien diefarm.html
2003.06.20 02:27 B C:\www.fossane.no\de\ferien\diehauser.html --> ftp.fossane.no /fossane/de/ferien diehauser.html
2003.06.20 02:27 B C:\www.fossane.no\de\ferien\folga.html --> ftp.fossane.no /fossane/de/ferien folga.html
2003.06.20 02:27 B C:\www.fossane.no\de\ferien\index.html --> ftp.fossane.no /fossane/de/ferien index.html
2003.06.20 02:27 B C:\www.fossane.no\de\ferien\jonsenhuset.html --> ftp.fossane.no /fossane/de/ferien jonsenhuset.html
2003.06.20 02:27 B C:\www.fossane.no\de\ferien\wandern.html --> ftp.fossane.no /fossane/de/ferien wandern.html
2003.06.20 02:50 B C:\www.fossane.no\de\ferien\.html --> ftp.fossane.no /fossane/de/ferien .html
2003.06.20 02:50 B C:\www.fossane.no\de\ferien\aktivitaten.html --> ftp.fossane.no /fossane/de/ferien aktivitaten.html
2003.06.20 02:50 B C:\www.fossane.no\de\ferien\angeln.html --> ftp.fossane.no /fossane/de/ferien angeln.html
2003.06.20 02:50 B C:\www.fossane.no\de\ferien\baden.html --> ftp.fossane.no /fossane/de/ferien baden.html
2003.06.20 02:50 B C:\www.fossane.no\de\ferien\bjodlandsfolga.html --> ftp.fossane.no /fossane/de/ferien bjodlandsfolga.html
2003.06.20 02:50 B C:\www.fossane.no\de\ferien\buchung.html --> ftp.fossane.no /fossane/de/ferien buchung.html
2003.06.20 02:50 B C:\www.fossane.no\de\ferien\diefarm.html --> ftp.fossane.no /fossane/de/ferien diefarm.html
2003.06.20 02:50 B C:\www.fossane.no\de\ferien\diehauser.html --> ftp.fossane.no /fossane/de/ferien diehauser.html
2003.06.20 02:50 B C:\www.fossane.no\de\ferien\folga.html --> ftp.fossane.no /fossane/de/ferien folga.html
2003.06.20 02:50 B C:\www.fossane.no\de\ferien\index.html --> ftp.fossane.no /fossane/de/ferien index.html
2003.06.20 02:50 B C:\www.fossane.no\de\ferien\jonsenhuset.html --> ftp.fossane.no /fossane/de/ferien jonsenhuset.html
2003.06.20 02:50 B C:\www.fossane.no\de\ferien\wandern.html --> ftp.fossane.no /fossane/de/ferien wandern.html
2003.06.20 02:50 B C:\www.fossane.no\de\ferien\WS_FTP.LOG --> ftp.fossane.no /fossane/de/ferien WS_FTP.LOG
2003.06.21 01:25 B C:\www.fossane.no\de\ferien\.html --> ftp.fossane.no /fossane/de/ferien .html
2003.06.21 01:25 B C:\www.fossane.no\de\ferien\aktivitaten.html --> ftp.fossane.no /fossane/de/ferien aktivitaten.html
2003.06.21 01:25 B C:\www.fossane.no\de\ferien\angeln.html --> ftp.fossane.no /fossane/de/ferien angeln.html
2003.06.21 01:25 B C:\www.fossane.no\de\ferien\baden.html --> ftp.fossane.no /fossane/de/ferien baden.html
2003.06.21 01:25 B C:\www.fossane.no\de\ferien\bjodlandsfolga.html --> ftp.fossane.no /fossane/de/ferien bjodlandsfolga.html
2003.06.21 01:25 B C:\www.fossane.no\de\ferien\buchung.html --> ftp.fossane.no /fossane/de/ferien buchung.html
2003.06.21 01:25 B C:\www.fossane.no\de\ferien\diefarm.html --> ftp.fossane.no /fossane/de/ferien diefarm.html
2003.06.21 01:25 B C:\www.fossane.no\de\ferien\diehauser.html --> ftp.fossane.no /fossane/de/ferien diehauser.html
2003.06.21 01:25 B C:\www.fossane.no\de\ferien\folga.html --> ftp.fossane.no /fossane/de/ferien folga.html
2003.06.21 01:25 B C:\www.fossane.no\de\ferien\index.html --> ftp.fossane.no /fossane/de/ferien index.html
2003.06.21 01:25 B C:\www.fossane.no\de\ferien\jonsenhuset.html --> ftp.fossane.no /fossane/de/ferien jonsenhuset.html
2003.06.21 01:25 B C:\www.fossane.no\de\ferien\wandern.html --> ftp.fossane.no /fossane/de/ferien wandern.html
2003.06.21 16:30 B C:\www.fossane.no\de\ferien\.html --> ftp.fossane.no /fossane/de/ferien .html
2003.06.21 16:30 B C:\www.fossane.no\de\ferien\aktivitaten.html --> ftp.fossane.no /fossane/de/ferien aktivitaten.html
2003.06.21 16:30 B C:\www.fossane.no\de\ferien\angeln.html --> ftp.fossane.no /fossane/de/ferien angeln.html
2003.06.21 16:30 B C:\www.fossane.no\de\ferien\baden.html --> ftp.fossane.no /fossane/de/ferien baden.html
2003.06.21 16:30 B C:\www.fossane.no\de\ferien\bjodlandsfolga.html --> ftp.fossane.no /fossane/de/ferien bjodlandsfolga.html
2003.06.21 16:30 B C:\www.fossane.no\de\ferien\buchung.html --> ftp.fossane.no /fossane/de/ferien buchung.html
2003.06.21 16:30 B C:\www.fossane.no\de\ferien\diefarm.html --> ftp.fossane.no /fossane/de/ferien diefarm.html
2003.06.21 16:30 B C:\www.fossane.no\de\ferien\diehauser.html --> ftp.fossane.no /fossane/de/ferien diehauser.html
2003.06.21 16:30 B C:\www.fossane.no\de\ferien\folga.html --> ftp.fossane.no /fossane/de/ferien folga.html
2003.06.21 16:30 B C:\www.fossane.no\de\ferien\index.html --> ftp.fossane.no /fossane/de/ferien index.html
2003.06.21 16:30 B C:\www.fossane.no\de\ferien\jonsenhuset.html --> ftp.fossane.no /fossane/de/ferien jonsenhuset.html
2003.06.21 16:30 B C:\www.fossane.no\de\ferien\wandern.html --> ftp.fossane.no /fossane/de/ferien wandern.html
2003.06.21 16:30 B C:\www.fossane.no\de\ferien\WS_FTP.LOG --> ftp.fossane.no /fossane/de/ferien WS_FTP.LOG
2003.07.07 01:34 B C:\www.fossane.no\de\ferien\.html --> ftp.fossane.no /fossane/de/ferien .html
2003.07.07 01:34 B C:\www.fossane.no\de\ferien\aktivitaten.html --> ftp.fossane.no /fossane/de/ferien aktivitaten.html
2003.07.07 01:34 B C:\www.fossane.no\de\ferien\angeln.html --> ftp.fossane.no /fossane/de/ferien angeln.html
2003.07.07 01:34 B C:\www.fossane.no\de\ferien\baden.html --> ftp.fossane.no /fossane/de/ferien baden.html
2003.07.07 01:34 B C:\www.fossane.no\de\ferien\bjodlandsfolga.html --> ftp.fossane.no /fossane/de/ferien bjodlandsfolga.html
2003.07.07 01:34 B C:\www.fossane.no\de\ferien\buchung.html --> ftp.fossane.no /fossane/de/ferien buchung.html
2003.07.07 01:34 B C:\www.fossane.no\de\ferien\diefarm.html --> ftp.fossane.no /fossane/de/ferien diefarm.html
2003.07.07 01:34 B C:\www.fossane.no\de\ferien\diehauser.html --> ftp.fossane.no /fossane/de/ferien diehauser.html
2003.07.07 01:34 B C:\www.fossane.no\de\ferien\folga.html --> ftp.fossane.no /fossane/de/ferien folga.html
2003.07.07 01:34 B C:\www.fossane.no\de\ferien\index.html --> ftp.fossane.no /fossane/de/ferien index.html
2003.07.07 01:34 B C:\www.fossane.no\de\ferien\jonsenhuset.html --> ftp.fossane.no /fossane/de/ferien jonsenhuset.html
2003.07.07 01:34 B C:\www.fossane.no\de\ferien\wandern.html --> ftp.fossane.no /fossane/de/ferien wandern.html
2003.07.08 00:13 B C:\www.fossane.no\de\ferien\.html --> ftp.fossane.no /fossane/de/ferien .html
2003.07.08 00:13 B C:\www.fossane.no\de\ferien\aktivitaten.html --> ftp.fossane.no /fossane/de/ferien aktivitaten.html
2003.07.08 00:13 B C:\www.fossane.no\de\ferien\angeln.html --> ftp.fossane.no /fossane/de/ferien angeln.html
2003.07.08 00:13 B C:\www.fossane.no\de\ferien\baden.html --> ftp.fossane.no /fossane/de/ferien baden.html
2003.07.08 00:13 B C:\www.fossane.no\de\ferien\bjodlandsfolga.html --> ftp.fossane.no /fossane/de/ferien bjodlandsfolga.html
2003.07.08 00:13 B C:\www.fossane.no\de\ferien\buchung.html --> ftp.fossane.no /fossane/de/ferien buchung.html
2003.07.08 00:13 B C:\www.fossane.no\de\ferien\diefarm.html --> ftp.fossane.no /fossane/de/ferien diefarm.html
2003.07.08 00:13 B C:\www.fossane.no\de\ferien\diehauser.html --> ftp.fossane.no /fossane/de/ferien diehauser.html
2003.07.08 00:13 B C:\www.fossane.no\de\ferien\folga.html --> ftp.fossane.no /fossane/de/ferien folga.html
2003.07.08 00:13 B C:\www.fossane.no\de\ferien\index.html --> ftp.fossane.no /fossane/de/ferien index.html
2003.07.08 00:13 B C:\www.fossane.no\de\ferien\jonsenhuset.html --> ftp.fossane.no /fossane/de/ferien jonsenhuset.html
2003.07.08 00:13 B C:\www.fossane.no\de\ferien\wandern.html --> ftp.fossane.no /fossane/de/ferien wandern.html
