2003.06.20 02:37 B C:\www.fossane.no\no\ferie\aktivitetar.html --> ftp.fossane.no /fossane/no/ferie aktivitetar.html
2003.06.20 02:37 B C:\www.fossane.no\no\ferie\badeplassar.html --> ftp.fossane.no /fossane/no/ferie badeplassar.html
2003.06.20 02:37 B C:\www.fossane.no\no\ferie\bjodlandsfolga.html --> ftp.fossane.no /fossane/no/ferie bjodlandsfolga.html
2003.06.20 02:37 B C:\www.fossane.no\no\ferie\fiske.html --> ftp.fossane.no /fossane/no/ferie fiske.html
2003.06.20 02:37 B C:\www.fossane.no\no\ferie\folga.html --> ftp.fossane.no /fossane/no/ferie folga.html
2003.06.20 02:37 B C:\www.fossane.no\no\ferie\garden.html --> ftp.fossane.no /fossane/no/ferie garden.html
2003.06.20 02:37 B C:\www.fossane.no\no\ferie\herfinndeoss.html --> ftp.fossane.no /fossane/no/ferie herfinndeoss.html
2003.06.20 02:37 B C:\www.fossane.no\no\ferie\husa.html --> ftp.fossane.no /fossane/no/ferie husa.html
2003.06.20 02:37 B C:\www.fossane.no\no\ferie\index.html --> ftp.fossane.no /fossane/no/ferie index.html
2003.06.20 02:37 B C:\www.fossane.no\no\ferie\jonsenhuset.html --> ftp.fossane.no /fossane/no/ferie jonsenhuset.html
2003.06.20 02:37 B C:\www.fossane.no\no\ferie\reservering.html --> ftp.fossane.no /fossane/no/ferie reservering.html
2003.06.20 02:37 B C:\www.fossane.no\no\ferie\turgaing.html --> ftp.fossane.no /fossane/no/ferie turgaing.html
2003.06.20 02:52 B C:\www.fossane.no\no\ferie\WS_FTP.LOG --> ftp.fossane.no /fossane/no/ferie WS_FTP.LOG
2003.06.21 01:26 B C:\www.fossane.no\no\ferie\aktivitetar.html --> ftp.fossane.no /fossane/no/ferie aktivitetar.html
2003.06.21 01:26 B C:\www.fossane.no\no\ferie\badeplassar.html --> ftp.fossane.no /fossane/no/ferie badeplassar.html
2003.06.21 01:26 B C:\www.fossane.no\no\ferie\bjodlandsfolga.html --> ftp.fossane.no /fossane/no/ferie bjodlandsfolga.html
2003.06.21 01:26 B C:\www.fossane.no\no\ferie\fiske.html --> ftp.fossane.no /fossane/no/ferie fiske.html
2003.06.21 01:26 B C:\www.fossane.no\no\ferie\folga.html --> ftp.fossane.no /fossane/no/ferie folga.html
2003.06.21 01:26 B C:\www.fossane.no\no\ferie\garden.html --> ftp.fossane.no /fossane/no/ferie garden.html
2003.06.21 01:26 B C:\www.fossane.no\no\ferie\herfinndeoss.html --> ftp.fossane.no /fossane/no/ferie herfinndeoss.html
2003.06.21 01:26 B C:\www.fossane.no\no\ferie\husa.html --> ftp.fossane.no /fossane/no/ferie husa.html
2003.06.21 01:26 B C:\www.fossane.no\no\ferie\index.html --> ftp.fossane.no /fossane/no/ferie index.html
2003.06.21 01:26 B C:\www.fossane.no\no\ferie\jonsenhuset.html --> ftp.fossane.no /fossane/no/ferie jonsenhuset.html
2003.06.21 01:26 B C:\www.fossane.no\no\ferie\reservering.html --> ftp.fossane.no /fossane/no/ferie reservering.html
2003.06.21 01:26 B C:\www.fossane.no\no\ferie\turgaing.html --> ftp.fossane.no /fossane/no/ferie turgaing.html
2003.06.21 16:32 B C:\www.fossane.no\no\ferie\aktivitetar.html --> ftp.fossane.no /fossane/no/ferie aktivitetar.html
2003.06.21 16:32 B C:\www.fossane.no\no\ferie\badeplassar.html --> ftp.fossane.no /fossane/no/ferie badeplassar.html
2003.06.21 16:32 B C:\www.fossane.no\no\ferie\bjodlandsfolga.html --> ftp.fossane.no /fossane/no/ferie bjodlandsfolga.html
2003.06.21 16:32 B C:\www.fossane.no\no\ferie\fiske.html --> ftp.fossane.no /fossane/no/ferie fiske.html
2003.06.21 16:32 B C:\www.fossane.no\no\ferie\folga.html --> ftp.fossane.no /fossane/no/ferie folga.html
2003.06.21 16:32 B C:\www.fossane.no\no\ferie\garden.html --> ftp.fossane.no /fossane/no/ferie garden.html
2003.06.21 16:32 B C:\www.fossane.no\no\ferie\herfinndeoss.html --> ftp.fossane.no /fossane/no/ferie herfinndeoss.html
2003.06.21 16:32 B C:\www.fossane.no\no\ferie\husa.html --> ftp.fossane.no /fossane/no/ferie husa.html
2003.06.21 16:32 B C:\www.fossane.no\no\ferie\index.html --> ftp.fossane.no /fossane/no/ferie index.html
2003.06.21 16:32 B C:\www.fossane.no\no\ferie\jonsenhuset.html --> ftp.fossane.no /fossane/no/ferie jonsenhuset.html
2003.06.21 16:32 B C:\www.fossane.no\no\ferie\reservering.html --> ftp.fossane.no /fossane/no/ferie reservering.html
2003.06.21 16:32 B C:\www.fossane.no\no\ferie\turgaing.html --> ftp.fossane.no /fossane/no/ferie turgaing.html
2003.06.21 16:32 B C:\www.fossane.no\no\ferie\WS_FTP.LOG --> ftp.fossane.no /fossane/no/ferie WS_FTP.LOG
2003.07.07 01:37 B C:\www.fossane.no\no\ferie\aktivitetar.html --> ftp.fossane.no /fossane/no/ferie aktivitetar.html
2003.07.07 01:37 B C:\www.fossane.no\no\ferie\badeplassar.html --> ftp.fossane.no /fossane/no/ferie badeplassar.html
2003.07.07 01:37 B C:\www.fossane.no\no\ferie\bjodlandsfolga.html --> ftp.fossane.no /fossane/no/ferie bjodlandsfolga.html
2003.07.07 01:37 B C:\www.fossane.no\no\ferie\fiske.html --> ftp.fossane.no /fossane/no/ferie fiske.html
2003.07.07 01:37 B C:\www.fossane.no\no\ferie\folga.html --> ftp.fossane.no /fossane/no/ferie folga.html
2003.07.07 01:37 B C:\www.fossane.no\no\ferie\garden.html --> ftp.fossane.no /fossane/no/ferie garden.html
2003.07.07 01:37 B C:\www.fossane.no\no\ferie\herfinndeoss.html --> ftp.fossane.no /fossane/no/ferie herfinndeoss.html
2003.07.07 01:37 B C:\www.fossane.no\no\ferie\husa.html --> ftp.fossane.no /fossane/no/ferie husa.html
2003.07.07 01:37 B C:\www.fossane.no\no\ferie\index.html --> ftp.fossane.no /fossane/no/ferie index.html
2003.07.07 01:37 B C:\www.fossane.no\no\ferie\jonsenhuset.html --> ftp.fossane.no /fossane/no/ferie jonsenhuset.html
2003.07.07 01:37 B C:\www.fossane.no\no\ferie\reservering.html --> ftp.fossane.no /fossane/no/ferie reservering.html
2003.07.07 01:37 B C:\www.fossane.no\no\ferie\turgaing.html --> ftp.fossane.no /fossane/no/ferie turgaing.html
2003.07.08 00:17 B C:\www.fossane.no\no\ferie\aktivitetar.html --> ftp.fossane.no /fossane/no/ferie aktivitetar.html
2003.07.08 00:17 B C:\www.fossane.no\no\ferie\badeplassar.html --> ftp.fossane.no /fossane/no/ferie badeplassar.html
2003.07.08 00:17 B C:\www.fossane.no\no\ferie\bjodlandsfolga.html --> ftp.fossane.no /fossane/no/ferie bjodlandsfolga.html
2003.07.08 00:17 B C:\www.fossane.no\no\ferie\fiske.html --> ftp.fossane.no /fossane/no/ferie fiske.html
2003.07.08 00:17 B C:\www.fossane.no\no\ferie\folga.html --> ftp.fossane.no /fossane/no/ferie folga.html
2003.07.08 00:17 B C:\www.fossane.no\no\ferie\garden.html --> ftp.fossane.no /fossane/no/ferie garden.html
2003.07.08 00:17 B C:\www.fossane.no\no\ferie\herfinndeoss.html --> ftp.fossane.no /fossane/no/ferie herfinndeoss.html
2003.07.08 00:17 B C:\www.fossane.no\no\ferie\husa.html --> ftp.fossane.no /fossane/no/ferie husa.html
2003.07.08 00:17 B C:\www.fossane.no\no\ferie\index.html --> ftp.fossane.no /fossane/no/ferie index.html
2003.07.08 00:17 B C:\www.fossane.no\no\ferie\jonsenhuset.html --> ftp.fossane.no /fossane/no/ferie jonsenhuset.html
2003.07.08 00:17 B C:\www.fossane.no\no\ferie\reservering.html --> ftp.fossane.no /fossane/no/ferie reservering.html
2003.07.08 00:17 B C:\www.fossane.no\no\ferie\turgaing.html --> ftp.fossane.no /fossane/no/ferie turgaing.html
